Removed Pin From Net: NetName=RX Pin=P5-1
Removed Pin From Net: NetName=GND Pin=P5-3
Removed Pin From Net: NetName=+5VDC_0 Pin=P5-4
Removed Pin From Net: NetName=GND Pin=P5-5
Removed Pin From Net: NetName=+5VDC_0 Pin=P5-6
Removed Pin From Net: NetName=A1 Pin=P5-7
Removed Pin From Net: NetName=GND Pin=P5-8
Removed Pin From Net: NetName=CLK_INT Pin=P5-9
Removed Pin From Net: NetName=GND Pin=P5-10
Removed Pin From Net: NetName=VD Pin=P5-11
Removed Pin From Net: NetName=GND Pin=P5-12
Removed Pin From Net: NetName=VC Pin=P5-13
Removed Pin From Net: NetName=VB Pin=P5-14
Added Pin To Net: NetName=GND Pin=P5-1
Added Pin To Net: NetName=RX Pin=P5-3
Added Pin To Net: NetName=GND Pin=P5-4
Added Pin To Net: NetName=+5VDC_0 Pin=P5-5
Added Pin To Net: NetName=GND Pin=P5-6
Added Pin To Net: NetName=+5VDC_0 Pin=P5-7
Added Pin To Net: NetName=A1 Pin=P5-8
Added Pin To Net: NetName=GND Pin=P5-9
Added Pin To Net: NetName=CLK_INT Pin=P5-10
Added Pin To Net: NetName=GND Pin=P5-11
Added Pin To Net: NetName=VD Pin=P5-12
Added Pin To Net: NetName=GND Pin=P5-13
Added Pin To Net: NetName=VC Pin=P5-14
Added Pin To Net: NetName=VB Pin=P6-4
