Removed Pin From Net: NetName=GND Pin=C7-1
Removed Pin From Net: NetName=+3.3VDC_1 Pin=C7-2
Removed Pin From Net: NetName=NetC10_1 Pin=C8-1
Removed Pin From Net: NetName=NetC10_2 Pin=C8-2
Removed Pin From Net: NetName=+3.3VDC_0 Pin=C11-1
Removed Pin From Net: NetName=GND Pin=C11-2
Removed Pin From Net: NetName=+3.3VDC_0 Pin=C12-1
Removed Pin From Net: NetName=GND Pin=C12-2
Removed Pin From Net: NetName=GND Pin=C13-1
Removed Pin From Net: NetName=+3.3VDC_0 Pin=C13-2
Removed Pin From Net: NetName=V_OUT1 Pin=J4-2
Removed Pin From Net: NetName=V_OUT1 Pin=J5-2
Removed Pin From Net: NetName=NetJ9_2 Pin=J9-2
Removed Pin From Net: NetName=NetJ10_2 Pin=J10-2
Removed Pin From Net: NetName=NetJ11_2 Pin=J11-2
Removed Pin From Net: NetName=+24VDC_RP1 Pin=P5-1
Removed Pin From Net: NetName=+12VDC Pin=P5-2
Removed Pin From Net: NetName=+5VDC Pin=P5-3
Removed Pin From Net: NetName=NetJ8_2 Pin=P5-4
Removed Pin From Net: NetName=NetJ8_2 Pin=P5-5
Removed Pin From Net: NetName=NetJ8_2 Pin=P5-6
Removed Pin From Net: NetName=NetJ8_1 Pin=Q1-2
Removed Pin From Net: NetName=NetJ8_1 Pin=Q1-4
Removed Pin From Net: NetName=NetJ9_1 Pin=Q2-2
Removed Pin From Net: NetName=NetJ9_1 Pin=Q2-4
Removed Pin From Net: NetName=FET2 Pin=Q3-1
Removed Pin From Net: NetName=NetJ10_1 Pin=Q3-2
Removed Pin From Net: NetName=NetJ10_1 Pin=Q3-4
Removed Pin From Net: NetName=FET3 Pin=Q4-1
Removed Pin From Net: NetName=NetJ11_1 Pin=Q4-2
Removed Pin From Net: NetName=NetJ11_1 Pin=Q4-4
Removed Pin From Net: NetName=GND Pin=R3-1
Removed Pin From Net: NetName=GND Pin=R10-2
Removed Pin From Net: NetName=V_OUT1 Pin=R13-2
Removed Pin From Net: NetName=V_OUT1 Pin=R14-2
Removed Pin From Net: NetName=NetJ6_2 Pin=R15-2
Removed Pin From Net: NetName=NetR4_1 Pin=U6-1
Removed Pin From Net: NetName=NetR5_1 Pin=U6-2
Removed Pin From Net: NetName=NetR6_1 Pin=U6-3
Removed Pin From Net: NetName=NetR7_1 Pin=U6-4
Removed Pin From Net: NetName=NetR8_1 Pin=U6-5
Removed Pin From Net: NetName=NetR9_1 Pin=U6-23
Removed Pin From Net: NetName=A0 Pin=U8-1
Removed Pin From Net: NetName=A1 Pin=U8-2
Removed Pin From Net: NetName=A2 Pin=U8-3
Removed Pin From Net: NetName=A3 Pin=U8-4
Removed Pin From Net: NetName=SDA Pin=U8-5
Removed Pin From Net: NetName=SCL Pin=U8-6
Removed Pin From Net: NetName=TX Pin=U8-7
Removed Pin From Net: NetName=RX Pin=U8-8
Removed Pin From Net: NetName=SCK Pin=U8-9
Removed Pin From Net: NetName=MISO Pin=U8-10
Removed Pin From Net: NetName=MOSI Pin=U8-11
Removed Pin From Net: NetName=+3.3VDC_1 Pin=U8-12
Removed Pin From Net: NetName=GND Pin=U8-13
Removed Pin From Net: NetName=VBUS Pin=U8-14
Removed Pin From Net: NetName=V_OUT1 Pin=U9-3
Removed Pin From Net: NetName=GND Pin=U9-4
Removed Pin From Net: NetName=V_OUT2 Pin=U9-5
Removed Pin From Net: NetName=+3.3VDC_0 Pin=U9-8
Removed Pin From Net: NetName=GND Pin=U9-9
Removed Member From Class: ClassName=Sheet1 Member=C11
Removed Member From Class: ClassName=Sheet1 Member=C12
Removed Member From Class: ClassName=Sheet2 Member=C13
Removed Member From Class: ClassName=Sheet4 Member=J4
Removed Member From Class: ClassName=Sheet4 Member=J5
Removed Member From Class: ClassName=Sheet4 Member=J6
Removed Member From Class: ClassName=Sheet4 Member=J7
Removed Member From Class: ClassName=Sheet2 Member=P5
Removed Member From Class: ClassName=Sheet1 Member=P8
Removed Member From Class: ClassName=Sheet4 Member=P13
Removed Member From Class: ClassName=Sheet4 Member=P14
Removed Member From Class: ClassName=Sheet1 Member=R3
Removed Member From Class: ClassName=Sheet2 Member=R10
Removed Member From Class: ClassName=Sheet4 Member=R14
Removed Member From Class: ClassName=Sheet4 Member=R15
Removed Member From Class: ClassName=Sheet4 Member=R16
Removed Member From Class: ClassName=Sheet1 Member=U8
Removed Member From Class: ClassName=Sheet4 Member=U9
Removed Member From Class: ClassName=Sheet4 Member=U10
Change Component DesignItemId : Designator=U8 Old DesignItemId=ADAFRUIT_QT_PY New DesignItemId=TLV9002IDSGT
Change Component DesignItemId : Designator=J5 Old DesignItemId=BM04B-SRSS-TB(LF)(SN) New DesignItemId=430450226
Change Component DesignItemId : Designator=J6 Old DesignItemId=BM04B-SRSS-TB(LF)(SN) New DesignItemId=430450226
Change Component DesignItemId : Designator=J7 Old DesignItemId=BM04B-SRSS-TB(LF)(SN) New DesignItemId=430450226
Change Component DesignItemId : Designator=P13 Old DesignItemId=Header 2 New DesignItemId=Header 3X2A
Change Component DesignItemId : Designator=P14 Old DesignItemId=Header 2 New DesignItemId=Header 3X2A
Change Component Footprint: Designator=R10 Old Footprint=0402 New Footprint=J1-0603
Change Component Footprint: Designator=J5 Old Footprint=CONN_BM04B-SRSS-TB(LF)(SN) New Footprint=MOLEX_430450226
Change Component Footprint: Designator=J6 Old Footprint=CONN_BM04B-SRSS-TB(LF)(SN) New Footprint=MOLEX_430450226
Change Component Footprint: Designator=J7 Old Footprint=CONN_BM04B-SRSS-TB(LF)(SN) New Footprint=MOLEX_430450226
Change Component Footprint: Designator=P13 Old Footprint=HDR1X2 New Footprint=HDR2X3_CEN
Change Component Footprint: Designator=P14 Old Footprint=HDR1X2 New Footprint=HDR2X3_CEN
Change Component Footprint: Designator=U8 Old Footprint=MODULE_ADAFRUIT_QT_PY New Footprint=DSG0008A
Change Component Comment : Designator=U8 Old Comment=Check availability New Comment=TLV9002IDSGT
Change Component Comment : Designator=J6 Old Comment=DAC New Comment=430450226
Change Component Comment : Designator=J7 Old Comment=Extra ADC New Comment=430450226
Change Component Comment : Designator=P13 Old Comment=Header 2 New Comment=Power Select
Change Component Comment : Designator=P14 Old Comment=Header 2 New Comment=Power Select
Change Component Comment : Designator=J5 Old Comment=To Thermistor New Comment=430450226
Change Component Designator: OldDesignator=BT NewDesignator=BT1
Change Component Designator: OldDesignator=J12 NewDesignator=J4
Change Component Designator: OldDesignator=P2 NewDesignator=P3
Change Component Designator: OldDesignator=P3 NewDesignator=P4
Change Component Designator: OldDesignator=P4 NewDesignator=P5
Change Component Designator: OldDesignator=P6 NewDesignator=P2
Change Component Designator: OldDesignator=P8 NewDesignator=P6
Change Component Designator: OldDesignator=U3 NewDesignator=U2
Change Component Designator: OldDesignator=U4 NewDesignator=U3
Added Component: Designator=C3(1608[0603])
Added Component: Designator=C4(1608[0603])
Added Component: Designator=C9(1608[0603])
Added Component: Designator=C10(1608[0603])
Added Component: Designator=J12(MOLEX_430450226)
Added Component: Designator=J13(CONN_BM04B-SRSS-TB(LF)(SN))
Added Component: Designator=J14(CONN_BM04B-SRSS-TB(LF)(SN))
Added Component: Designator=J15(CONN_BM04B-SRSS-TB(LF)(SN))
Added Component: Designator=J16(CONN_BM04B-SRSS-TB(LF)(SN))
Added Component: Designator=P8(HDR2X3_CEN)
Added Component: Designator=P10(HDR2X3_CEN)
Added Component: Designator=P12(HDR2X3_CEN)
Added Component: Designator=P15(HDR1X2)
Added Component: Designator=P16(HDR1X2)
Added Component: Designator=Q5(SOT230P700X180-4N)
Added Component: Designator=Q6(SOT230P700X180-4N)
Added Component: Designator=Q7(SOT230P700X180-4N)
Added Component: Designator=Q8(SOT230P700X180-4N)
Added Component: Designator=R2(0402)
Added Component: Designator=R11(J1-0603)
Added Component: Designator=R12(J1-0603)
Added Component: Designator=U4(MODULE_ADAFRUIT_QT_PY)
Added Component: Designator=U7(DSG0008A)
Added Pin To Net: NetName=+3.3VDC_0 Pin=C3-1
Added Pin To Net: NetName=GND Pin=C3-2
Added Pin To Net: NetName=+3.3VDC_0 Pin=C4-1
Added Pin To Net: NetName=GND Pin=C4-2
Added Pin To Net: NetName=+3.3VDC_0 Pin=C7-1
Added Pin To Net: NetName=GND Pin=C7-2
Added Pin To Net: NetName=+3.3VDC_0 Pin=C8-1
Added Pin To Net: NetName=GND Pin=C8-2
Added Pin To Net: NetName=GND Pin=C7-1
Added Pin To Net: NetName=+3.3VDC_1 Pin=C7-2
Added Pin To Net: NetName=NetC10_1 Pin=C8-1
Added Pin To Net: NetName=NetC10_2 Pin=C8-2
Added Pin To Net: NetName=GND Pin=C11-1
Added Pin To Net: NetName=+3.3VDC_0 Pin=C11-2
Added Pin To Net: NetName=NetJ9_2 Pin=J5-2
Added Pin To Net: NetName=NetJ10_2 Pin=J7-2
Added Pin To Net: NetName=NetJ11_2 Pin=J9-2
Added Pin To Net: NetName=V_OUT1 Pin=J13-2
Added Pin To Net: NetName=V_OUT1 Pin=J14-2
Added Pin To Net: NetName=+24VDC_RP1 Pin=P8-1
Added Pin To Net: NetName=+12VDC Pin=P8-2
Added Pin To Net: NetName=+5VDC Pin=P8-3
Added Pin To Net: NetName=NetJ6_2 Pin=P8-4
Added Pin To Net: NetName=NetJ6_2 Pin=P8-5
Added Pin To Net: NetName=NetJ6_2 Pin=P8-6
Added Pin To Net: NetName=+24VDC_RP1 Pin=P10-1
Added Pin To Net: NetName=+12VDC Pin=P10-2
Added Pin To Net: NetName=+5VDC Pin=P10-3
Added Pin To Net: NetName=NetJ8_2 Pin=P10-4
Added Pin To Net: NetName=NetJ8_2 Pin=P10-5
Added Pin To Net: NetName=NetJ8_2 Pin=P10-6
Added Pin To Net: NetName=+24VDC_RP1 Pin=P12-1
Added Pin To Net: NetName=+12VDC Pin=P12-2
Added Pin To Net: NetName=+5VDC Pin=P12-3
Added Pin To Net: NetName=+24VDC_RP1 Pin=P13-1
Added Pin To Net: NetName=+12VDC Pin=P13-2
Added Pin To Net: NetName=+5VDC Pin=P13-3
Added Pin To Net: NetName=+24VDC_RP1 Pin=P14-1
Added Pin To Net: NetName=+12VDC Pin=P14-2
Added Pin To Net: NetName=+5VDC Pin=P14-3
Added Pin To Net: NetName=NetJ8_1 Pin=Q4-2
Added Pin To Net: NetName=NetJ8_1 Pin=Q4-4
Added Pin To Net: NetName=FET2 Pin=Q5-1
Added Pin To Net: NetName=NetJ9_1 Pin=Q5-2
Added Pin To Net: NetName=GND Pin=Q5-3
Added Pin To Net: NetName=NetJ9_1 Pin=Q5-4
Added Pin To Net: NetName=NetJ10_1 Pin=Q6-2
Added Pin To Net: NetName=GND Pin=Q6-3
Added Pin To Net: NetName=NetJ10_1 Pin=Q6-4
Added Pin To Net: NetName=NetJ11_1 Pin=Q7-2
Added Pin To Net: NetName=GND Pin=Q7-3
Added Pin To Net: NetName=NetJ11_1 Pin=Q7-4
Added Pin To Net: NetName=FET3 Pin=Q8-1
Added Pin To Net: NetName=GND Pin=Q8-3
Added Pin To Net: NetName=GND Pin=R2-1
Added Pin To Net: NetName=GND Pin=R3-2
Added Pin To Net: NetName=V_OUT1 Pin=R10-2
Added Pin To Net: NetName=V_OUT1 Pin=R11-2
Added Pin To Net: NetName=A0 Pin=U4-1
Added Pin To Net: NetName=A1 Pin=U4-2
Added Pin To Net: NetName=A2 Pin=U4-3
Added Pin To Net: NetName=A3 Pin=U4-4
Added Pin To Net: NetName=SDA Pin=U4-5
Added Pin To Net: NetName=SCL Pin=U4-6
Added Pin To Net: NetName=TX Pin=U4-7
Added Pin To Net: NetName=RX Pin=U4-8
Added Pin To Net: NetName=SCK Pin=U4-9
Added Pin To Net: NetName=MISO Pin=U4-10
Added Pin To Net: NetName=MOSI Pin=U4-11
Added Pin To Net: NetName=+3.3VDC_1 Pin=U4-12
Added Pin To Net: NetName=GND Pin=U4-13
Added Pin To Net: NetName=VBUS Pin=U4-14
Added Pin To Net: NetName=NetR4_1 Pin=U6-2
Added Pin To Net: NetName=NetR5_1 Pin=U6-3
Added Pin To Net: NetName=NetR6_1 Pin=U6-4
Added Pin To Net: NetName=NetR7_1 Pin=U6-5
Added Pin To Net: NetName=NetR8_1 Pin=U6-23
Added Pin To Net: NetName=NetR9_1 Pin=U6-24
Added Pin To Net: NetName=V_OUT1 Pin=U7-3
Added Pin To Net: NetName=GND Pin=U7-4
Added Pin To Net: NetName=V_OUT2 Pin=U7-5
Added Pin To Net: NetName=+3.3VDC_0 Pin=U7-8
Added Pin To Net: NetName=GND Pin=U7-9
Change Net Name : Old Net Name=NetBT_POS New Net Name=NetBT1_POS
Change Net Name : Old Net Name=NetJ9_2 New Net Name=NetJ5_2
Change Net Name : Old Net Name=NetJ10_2 New Net Name=NetJ7_2
Change Net Name : Old Net Name=NetJ11_2 New Net Name=NetJ9_2
Added Pin To Net: NetName=FET4 Pin=Q4-1
Added Pin To Net: NetName=FET4 Pin=U6-10
Added Net: Name=FET4
Added Pin To Net: NetName=FET5 Pin=Q7-1
Added Pin To Net: NetName=FET5 Pin=U6-11
Added Net: Name=FET5
Added Pin To Net: NetName=FET6 Pin=Q3-1
Added Pin To Net: NetName=FET6 Pin=U6-12
Added Net: Name=FET6
Added Pin To Net: NetName=FET7 Pin=Q6-1
Added Pin To Net: NetName=FET7 Pin=U6-13
Added Net: Name=FET7
Added Pin To Net: NetName=NetJ5_1 Pin=J5-1
Added Pin To Net: NetName=NetJ5_1 Pin=Q1-2
Added Pin To Net: NetName=NetJ5_1 Pin=Q1-4
Added Net: Name=NetJ5_1
Added Pin To Net: NetName=NetJ6_1 Pin=J6-1
Added Pin To Net: NetName=NetJ6_1 Pin=Q2-2
Added Pin To Net: NetName=NetJ6_1 Pin=Q2-4
Added Net: Name=NetJ6_1
Added Pin To Net: NetName=NetJ7_1 Pin=J7-1
Added Pin To Net: NetName=NetJ7_1 Pin=Q3-2
Added Pin To Net: NetName=NetJ7_1 Pin=Q3-4
Added Net: Name=NetJ7_1
Added Pin To Net: NetName=NetJ10_2 Pin=J10-2
Added Pin To Net: NetName=NetJ10_2 Pin=P12-4
Added Pin To Net: NetName=NetJ10_2 Pin=P12-5
Added Pin To Net: NetName=NetJ10_2 Pin=P12-6
Added Net: Name=NetJ10_2
Added Pin To Net: NetName=NetJ11_2 Pin=J11-2
Added Pin To Net: NetName=NetJ11_2 Pin=P13-4
Added Pin To Net: NetName=NetJ11_2 Pin=P13-5
Added Pin To Net: NetName=NetJ11_2 Pin=P13-6
Added Net: Name=NetJ11_2
Added Pin To Net: NetName=NetJ12_1 Pin=J12-1
Added Pin To Net: NetName=NetJ12_1 Pin=Q8-2
Added Pin To Net: NetName=NetJ12_1 Pin=Q8-4
Added Net: Name=NetJ12_1
Added Pin To Net: NetName=NetJ12_2 Pin=J12-2
Added Pin To Net: NetName=NetJ12_2 Pin=P14-4
Added Pin To Net: NetName=NetJ12_2 Pin=P14-5
Added Pin To Net: NetName=NetJ12_2 Pin=P14-6
Added Net: Name=NetJ12_2
Added Pin To Net: NetName=NetJ15_2 Pin=J15-2
Added Pin To Net: NetName=NetJ15_2 Pin=R12-2
Added Net: Name=NetJ15_2
Added Pin To Net: NetName=NetJ16_2 Pin=J16-2
Added Pin To Net: NetName=NetJ16_2 Pin=R13-2
Added Net: Name=NetJ16_2
Added Pin To Net: NetName=NetR2_2 Pin=R2-2
Added Pin To Net: NetName=NetR2_2 Pin=U3-4
Added Net: Name=NetR2_2
Added Pin To Net: NetName=NetR3_1 Pin=R3-1
Added Pin To Net: NetName=NetR3_1 Pin=U6-1
Added Net: Name=NetR3_1
Added Pin To Net: NetName=NetU7_1 Pin=U7-1
Added Pin To Net: NetName=NetU7_1 Pin=U7-2
Added Net: Name=NetU7_1
Added Pin To Net: NetName=NetU7_6 Pin=U7-6
Added Pin To Net: NetName=NetU7_6 Pin=U7-7
Added Net: Name=NetU7_6
Added Member To Class: ClassName=Sheet1 Member=Component C3 Cap Semi
Added Member To Class: ClassName=Sheet1 Member=Component C4 Cap Semi
Added Member To Class: ClassName=Sheet1 Member=Component C9 Cap Semi
Added Member To Class: ClassName=Sheet1 Member=Component C10 Cap Semi
Added Member To Class: ClassName=Sheet2 Member=Component C11 Cap Semi
Added Member To Class: ClassName=Sheet2 Member=Component J5 430450226
Added Member To Class: ClassName=Sheet2 Member=Component J6 430450226
Added Member To Class: ClassName=Sheet2 Member=Component J7 430450226
Added Member To Class: ClassName=Sheet2 Member=Component J12 430450226
Added Member To Class: ClassName=Sheet4 Member=Component J13 To Thermistor
Added Member To Class: ClassName=Sheet4 Member=Component J14 To Thermistor
Added Member To Class: ClassName=Sheet4 Member=Component J15 DAC
Added Member To Class: ClassName=Sheet4 Member=Component J16 Extra ADC
Added Member To Class: ClassName=Sheet1 Member=Component P5 Header 15
Added Member To Class: ClassName=Sheet2 Member=Component P8 Power Select
Added Member To Class: ClassName=Sheet2 Member=Component P10 Power Select
Added Member To Class: ClassName=Sheet2 Member=Component P12 Power Select
Added Member To Class: ClassName=Sheet2 Member=Component P13 Power Select
Added Member To Class: ClassName=Sheet2 Member=Component P14 Power Select
Added Member To Class: ClassName=Sheet4 Member=Component P15 Header 2
Added Member To Class: ClassName=Sheet4 Member=Component P16 Header 2
Added Member To Class: ClassName=Sheet2 Member=Component Q5 BUK98150-55A/CUF
Added Member To Class: ClassName=Sheet2 Member=Component Q6 BUK98150-55A/CUF
Added Member To Class: ClassName=Sheet2 Member=Component Q7 BUK98150-55A/CUF
Added Member To Class: ClassName=Sheet2 Member=Component Q8 BUK98150-55A/CUF
Added Member To Class: ClassName=Sheet1 Member=Component R2 Res3
Added Member To Class: ClassName=Sheet2 Member=Component R3 Res3
Added Member To Class: ClassName=Sheet4 Member=Component R10 Res3
Added Member To Class: ClassName=Sheet4 Member=Component R11 SQRT( R_0C*R_40C)
Added Member To Class: ClassName=Sheet4 Member=Component R12 DNC
Added Member To Class: ClassName=Sheet1 Member=Component U4 Check availability
Added Member To Class: ClassName=Sheet4 Member=Component U7 TLV9002IDSGT
Added Member To Class: ClassName=Sheet4 Member=Component U8 TLV9002IDSGT
