Removed Pin From Net: NetName=GND Pin=C?-1
Removed Pin From Net: NetName=GND Pin=C?-1
Removed Pin From Net: NetName=GND Pin=C?-2
Removed Pin From Net: NetName=GND Pin=C?-2
Removed Pin From Net: NetName=GND Pin=C?-2
Removed Pin From Net: NetName=GND Pin=C?-2
Removed Pin From Net: NetName=GND Pin=C?-2
Removed Pin From Net: NetName=GND Pin=C?-2
Removed Pin From Net: NetName=GND Pin=C?-2
Removed Pin From Net: NetName=GND Pin=C?-2
Removed Pin From Net: NetName=GND Pin=C?-2
Removed Pin From Net: NetName=GND Pin=C?-2
Removed Pin From Net: NetName=GND Pin=C?-2
Removed Pin From Net: NetName=GND Pin=C?-2
Removed Pin From Net: NetName=GND Pin=C?-2
Removed Pin From Net: NetName=3.3V Pin=J?-2
Removed Pin From Net: NetName=3.3V Pin=J?-2
Removed Pin From Net: NetName=+24VDC_RP1 Pin=P?-1
Removed Pin From Net: NetName=+24VDC_RP1 Pin=P?-1
Removed Pin From Net: NetName=+24VDC_RP1 Pin=P?-1
Removed Pin From Net: NetName=+24VDC_RP1 Pin=P?-1
Removed Pin From Net: NetName=+12VDC Pin=P?-2
Removed Pin From Net: NetName=+12VDC Pin=P?-2
Removed Pin From Net: NetName=+12VDC Pin=P?-2
Removed Pin From Net: NetName=+12VDC Pin=P?-2
Removed Pin From Net: NetName=+5VDC Pin=P?-3
Removed Pin From Net: NetName=+5VDC Pin=P?-3
Removed Pin From Net: NetName=+5VDC Pin=P?-3
Removed Pin From Net: NetName=+5VDC Pin=P?-3
Removed Pin From Net: NetName=+24VDC Pin=P?-3
Removed Pin From Net: NetName=+24VDC Pin=P?-4
Removed Pin From Net: NetName=GND Pin=P?-5
Removed Pin From Net: NetName=GND Pin=P?-6
Removed Pin From Net: NetName=A0 Pin=U?-1
Removed Pin From Net: NetName=A1 Pin=U?-2
Removed Pin From Net: NetName=A2 Pin=U?-3
Removed Pin From Net: NetName=A3 Pin=U?-4
Removed Pin From Net: NetName=SDA Pin=U?-5
Removed Pin From Net: NetName=SCL Pin=U?-6
Removed Pin From Net: NetName=TX Pin=U?-7
Removed Pin From Net: NetName=RX Pin=U?-8
Removed Pin From Net: NetName=SCK Pin=U?-9
Removed Pin From Net: NetName=TX Pin=U?-10
Removed Pin From Net: NetName=MOSI Pin=U?-11
Removed Pin From Net: NetName=SDA Pin=U?-12
Change Component DesignItemId : Designator=U? Old DesignItemId=ADAFRUIT_QT_PY New DesignItemId=MPRLS0300YG00001
Change Component Footprint: Designator=R? Old Footprint=0402 New Footprint=J1-0603
Change Component Footprint: Designator=U? Old Footprint=MODULE_ADAFRUIT_QT_PY New Footprint=MPRLS0300YG00000
Change Component Comment : Designator=U? Old Comment=Check availability New Comment=MPRLS0300YG00001
Change Component Comment : Designator=R? Old Comment=Res3 New Comment=DNC
Change Component Comment : Designator=J? Old Comment=To Thermistor New Comment=DAC
Change Component Comment : Designator=J? Old Comment=To Thermistor New Comment=Extra ADC
Change Component Designator: OldDesignator=C? NewDesignator=C1
Change Component Designator: OldDesignator=C? NewDesignator=C2
Change Component Designator: OldDesignator=C? NewDesignator=C3
Change Component Designator: OldDesignator=C? NewDesignator=C4
Change Component Designator: OldDesignator=C? NewDesignator=C5
Change Component Designator: OldDesignator=C? NewDesignator=C6
Change Component Designator: OldDesignator=IC? NewDesignator=IC1
Change Component Designator: OldDesignator=J? NewDesignator=J1
Change Component Designator: OldDesignator=J? NewDesignator=J2
Change Component Designator: OldDesignator=J? NewDesignator=J3
Change Component Designator: OldDesignator=J? NewDesignator=J4
Change Component Designator: OldDesignator=J? NewDesignator=J5
Change Component Designator: OldDesignator=J? NewDesignator=J6
Change Component Designator: OldDesignator=J? NewDesignator=J7
Change Component Designator: OldDesignator=P? NewDesignator=P2
Change Component Designator: OldDesignator=P? NewDesignator=P3
Change Component Designator: OldDesignator=R? NewDesignator=R1
Change Component Designator: OldDesignator=R? NewDesignator=R2
Change Component Designator: OldDesignator=R? NewDesignator=R3
Change Component Designator: OldDesignator=R? NewDesignator=R4
Change Component Designator: OldDesignator=R? NewDesignator=R5
Change Component Designator: OldDesignator=R? NewDesignator=R6
Change Component Designator: OldDesignator=U? NewDesignator=U3
Change Component Designator: OldDesignator=U? NewDesignator=U4
Change Component Designator: OldDesignator=U? NewDesignator=U5
Added Component: Designator=C7(1608[0603])
Added Component: Designator=C8(1608[0603])
Added Component: Designator=C9(1608[0603])
Added Component: Designator=C10(1608[0603])
Added Component: Designator=C11(1608[0603])
Added Component: Designator=C12(1608[0603])
Added Component: Designator=C13(1608[0603])
Added Component: Designator=C14(1608[0603])
Added Component: Designator=C15(1608[0603])
Added Component: Designator=C16(1608[0603])
Added Component: Designator=C17(1608[0603])
Added Component: Designator=C18(1608[0603])
Added Component: Designator=C19(1608[0603])
Added Component: Designator=C20(0402)
Added Component: Designator=C21(0402)
Added Component: Designator=C22(0402)
Added Component: Designator=C23(0402)
Added Component: Designator=C24(1608[0603])
Added Component: Designator=E1(PIN1)
Added Component: Designator=L1(0402-A)
Added Component: Designator=L2(0402-A)
Added Component: Designator=P4(15P VERT)
Added Component: Designator=P5(HDR2X3_CEN)
Added Component: Designator=P7(HDR2X3_CEN)
Added Component: Designator=P9(HDR2X3_CEN)
Added Component: Designator=P11(HDR2X3_CEN)
Added Component: Designator=R7(J1-0603)
Added Component: Designator=R8(0402)
Added Component: Designator=U8(MODULE_ADAFRUIT_QT_PY)
Added Component: Designator=Y1(XTAL_ABM8-40.000MHZ-10-1-U-T)
Added Pin To Net: NetName=GND Pin=C7-1
Added Pin To Net: NetName=+3.3VDC_1 Pin=C7-2
Added Pin To Net: NetName=GND Pin=C9-1
Added Pin To Net: NetName=+3.3VDC_1 Pin=C9-2
Added Pin To Net: NetName=GND Pin=C10-2
Added Pin To Net: NetName=GND Pin=C11-2
Added Pin To Net: NetName=GND Pin=C12-2
Added Pin To Net: NetName=GND Pin=C13-2
Added Pin To Net: NetName=GND Pin=C14-2
Added Pin To Net: NetName=GND Pin=C15-2
Added Pin To Net: NetName=GND Pin=C16-2
Added Pin To Net: NetName=GND Pin=C17-2
Added Pin To Net: NetName=GND Pin=C18-2
Added Pin To Net: NetName=GND Pin=C19-2
Added Pin To Net: NetName=GND Pin=C20-2
Added Pin To Net: NetName=GND Pin=C21-2
Added Pin To Net: NetName=GND Pin=C22-1
Added Pin To Net: NetName=GND Pin=C23-1
Added Pin To Net: NetName=GND Pin=C24-2
Added Pin To Net: NetName=+3.3VDC_1 Pin=J2-2
Added Pin To Net: NetName=+3.3VDC_1 Pin=J3-2
Added Pin To Net: NetName=+24VDC_RP1 Pin=P5-1
Added Pin To Net: NetName=+12VDC Pin=P5-2
Added Pin To Net: NetName=+5VDC Pin=P5-3
Added Pin To Net: NetName=+24VDC_RP1 Pin=P7-1
Added Pin To Net: NetName=+12VDC Pin=P7-2
Added Pin To Net: NetName=+5VDC Pin=P7-3
Added Pin To Net: NetName=+24VDC_RP1 Pin=P9-1
Added Pin To Net: NetName=+12VDC Pin=P9-2
Added Pin To Net: NetName=+5VDC Pin=P9-3
Added Pin To Net: NetName=+24VDC_RP1 Pin=P11-1
Added Pin To Net: NetName=+12VDC Pin=P11-2
Added Pin To Net: NetName=+5VDC Pin=P11-3
Added Pin To Net: NetName=GND Pin=R7-2
Added Pin To Net: NetName=GND Pin=U5-1
Added Pin To Net: NetName=SCL1 Pin=U5-3
Added Pin To Net: NetName=+3.3VDC_1 Pin=U5-12
Added Pin To Net: NetName=A0 Pin=U8-1
Added Pin To Net: NetName=A1 Pin=U8-2
Added Pin To Net: NetName=A2 Pin=U8-3
Added Pin To Net: NetName=A3 Pin=U8-4
Added Pin To Net: NetName=SDA Pin=U8-5
Added Pin To Net: NetName=SCL Pin=U8-6
Added Pin To Net: NetName=TX Pin=U8-7
Added Pin To Net: NetName=RX Pin=U8-8
Added Pin To Net: NetName=SCK Pin=U8-9
Added Pin To Net: NetName=MISO Pin=U8-10
Added Pin To Net: NetName=MOSI Pin=U8-11
Added Pin To Net: NetName=GND Pin=U8-13
Added Pin To Net: NetName=VBUS Pin=U8-14
Change Net Name : Old Net Name=NetC?_1 New Net Name=NetC6_1
Change Net Name : Old Net Name=NetC?_2 New Net Name=NetC6_2
Change Net Name : Old Net Name=NetJ?_2 New Net Name=NetJ7_2
Added Pin To Net: NetName=NetC8_1 Pin=C8-1
Added Pin To Net: NetName=NetC8_1 Pin=U5-6
Added Net: Name=NetC8_1
Added Pin To Net: NetName=NetC8_2 Pin=C8-2
Added Pin To Net: NetName=NetC8_2 Pin=U5-4
Added Net: Name=NetC8_2
Added Pin To Net: NetName=NetC10_1 Pin=C10-1
Added Net: Name=NetC10_1
Added Pin To Net: NetName=NetC11_1 Pin=C11-1
Added Net: Name=NetC11_1
Added Pin To Net: NetName=NetC12_1 Pin=C12-1
Added Pin To Net: NetName=NetC12_1 Pin=L1-1
Added Net: Name=NetC12_1
Added Pin To Net: NetName=NetC13_1 Pin=C13-1
Added Pin To Net: NetName=NetC13_1 Pin=C14-1
Added Pin To Net: NetName=NetC13_1 Pin=C15-1
Added Pin To Net: NetName=NetC13_1 Pin=L1-2
Added Net: Name=NetC13_1
Added Pin To Net: NetName=NetC16_1 Pin=C16-1
Added Pin To Net: NetName=NetC16_1 Pin=C17-1
Added Net: Name=NetC16_1
Added Pin To Net: NetName=NetC18_1 Pin=C18-1
Added Pin To Net: NetName=NetC18_1 Pin=C19-1
Added Net: Name=NetC18_1
Added Pin To Net: NetName=NetC20_1 Pin=C20-1
Added Pin To Net: NetName=NetC20_1 Pin=E1-1
Added Pin To Net: NetName=NetC20_1 Pin=L2-1
Added Net: Name=NetC20_1
Added Pin To Net: NetName=NetC21_1 Pin=C21-1
Added Pin To Net: NetName=NetC21_1 Pin=L2-2
Added Net: Name=NetC21_1
Added Pin To Net: NetName=NetC22_2 Pin=C22-2
Added Pin To Net: NetName=NetC22_2 Pin=R8-2
Added Pin To Net: NetName=NetC22_2 Pin=Y1-1
Added Net: Name=NetC22_2
Added Pin To Net: NetName=NetC23_2 Pin=C23-2
Added Pin To Net: NetName=NetC23_2 Pin=Y1-3
Added Net: Name=NetC23_2
Added Pin To Net: NetName=NetC24_1 Pin=C24-1
Added Net: Name=NetC24_1
Added Pin To Net: NetName=NetJ4_2 Pin=J4-2
Added Pin To Net: NetName=NetJ4_2 Pin=R3-2
Added Net: Name=NetJ4_2
Added Pin To Net: NetName=NetJ5_2 Pin=J5-2
Added Pin To Net: NetName=NetJ5_2 Pin=R4-2
Added Net: Name=NetJ5_2
Added Pin To Net: NetName=NetJ6_2 Pin=J6-2
Added Pin To Net: NetName=NetJ6_2 Pin=R5-2
Added Net: Name=NetJ6_2
Added Pin To Net: NetName=NetP5_4 Pin=P5-4
Added Pin To Net: NetName=NetP5_4 Pin=P5-5
Added Pin To Net: NetName=NetP5_4 Pin=P5-6
Added Net: Name=NetP5_4
Added Net: Name=NetP6_2
Added Pin To Net: NetName=NetP7_4 Pin=P7-4
Added Pin To Net: NetName=NetP7_4 Pin=P7-5
Added Pin To Net: NetName=NetP7_4 Pin=P7-6
Added Net: Name=NetP7_4
Added Net: Name=NetP8_2
Added Pin To Net: NetName=NetP9_4 Pin=P9-4
Added Pin To Net: NetName=NetP9_4 Pin=P9-5
Added Pin To Net: NetName=NetP9_4 Pin=P9-6
Added Net: Name=NetP9_4
Added Net: Name=NetP10_2
Added Pin To Net: NetName=NetP11_4 Pin=P11-4
Added Pin To Net: NetName=NetP11_4 Pin=P11-5
Added Pin To Net: NetName=NetP11_4 Pin=P11-6
Added Net: Name=NetP11_4
Added Net: Name=NetP12_2
Added Pin To Net: NetName=NetR1_1 Pin=R1-1
Added Net: Name=NetR1_1
Added Pin To Net: NetName=NetR2_1 Pin=R2-1
Added Net: Name=NetR2_1
Added Pin To Net: NetName=NetR7_1 Pin=R7-1
Added Net: Name=NetR7_1
Added Pin To Net: NetName=NetR8_1 Pin=R8-1
Added Net: Name=NetR8_1
Added Class: Name=MCU
Added Class: Name=Power Mosfet IO
Added Member To Class: ClassName=Sheet1 Member=Component C1 Cap Semi
Added Member To Class: ClassName=Sheet1 Member=Component C2 Cap Semi
Added Member To Class: ClassName=Sheet1 Member=Component C4 Cap Semi
Added Member To Class: ClassName=Sheet1 Member=Component C5 Cap Semi
Added Member To Class: ClassName=Sheet1 Member=Component C6 Cap Semi
Added Member To Class: ClassName=Sheet1 Member=Component C7 Cap Semi
Added Member To Class: ClassName=Sheet1 Member=Component C8 Cap Semi
Added Member To Class: ClassName=Sheet1 Member=Component J1 Qwiic
Added Member To Class: ClassName=Sheet1 Member=Component J2 Qwiic
Added Member To Class: ClassName=Sheet1 Member=Component J3 Qwiic
Added Member To Class: ClassName=Sheet1 Member=Component J4 DAC
Added Member To Class: ClassName=Sheet1 Member=Component J5 Extra ADC
Added Member To Class: ClassName=Sheet1 Member=Component J6 To Thermistor
Added Member To Class: ClassName=Sheet1 Member=Component P3 D36V50F5
Added Member To Class: ClassName=Sheet1 Member=Component P4 Header 15
Added Member To Class: ClassName=Sheet1 Member=Component R1 Res3
Added Member To Class: ClassName=Sheet1 Member=Component R2 Res3
Added Member To Class: ClassName=Sheet1 Member=Component R3 DNC
Added Member To Class: ClassName=Sheet1 Member=Component R4 Res3
Added Member To Class: ClassName=Sheet1 Member=Component R5 SQRT( R_0C*R_40C)
Added Member To Class: ClassName=Sheet1 Member=Component R6 Res3
Added Member To Class: ClassName=Sheet1 Member=Component U3 MPRLS0300YG00001
Added Member To Class: ClassName=Sheet1 Member=Component U4 Check availability
Added Member To Class: ClassName=Sheet1 Member=Component U5 MPRLS0300YG00001
