Removed Pin From Net: NetName=GND Pin=U7-4
Removed Pin From Net: NetName=+3.3VDC_0 Pin=U7-8
Removed Pin From Net: NetName=GND Pin=U7-9
Change Component DesignItemId : Designator=U7 Old DesignItemId=TLV9002IDSGT New DesignItemId=MAX6045AEUR
Change Component Comment : Designator=U7 Old Comment=TLV9002IDSGT New Comment=MAX6045AEUR
Change Component Description : Designator=U7 Old Description= New Description=Voltage References Precision, Low-Power, Low-Dropout, SOT23-3 Voltage References
Change Component Library : Designator=U7 Old Library=TLV9002.SchLib New Library=MAX6045AEUR.SchLib
Added Component: Designator=C12(1608[0603])
Added Component: Designator=C13(1608[0603])
Added Component: Designator=C14(1608[0603])
Added Component: Designator=C15(1608[0603])
Added Pin To Net: NetName=GND Pin=C12-1
Added Pin To Net: NetName=+5VDC_0 Pin=C12-2
Added Pin To Net: NetName=GND Pin=C13-1
Added Pin To Net: NetName=GND Pin=C14-1
Added Pin To Net: NetName=+5VDC_0 Pin=C14-2
Added Pin To Net: NetName=GND Pin=C15-1
Added Pin To Net: NetName=+5VDC_0 Pin=C15-2
Added Pin To Net: NetName=GND Pin=J13-1
Added Pin To Net: NetName=GND Pin=J14-1
Added Pin To Net: NetName=+5VDC_0 Pin=U7-1
Added Pin To Net: NetName=GND Pin=U7-3
Added Pin To Net: NetName=+4.5VREF Pin=C13-2
Added Pin To Net: NetName=+4.5VREF Pin=R10-1
Added Pin To Net: NetName=+4.5VREF Pin=R11-1
Added Pin To Net: NetName=+4.5VREF Pin=U7-2
Added Net: Name=+4.5VREF
Added Pin To Net: NetName=NetJ13_2 Pin=J13-2
Added Pin To Net: NetName=NetJ13_2 Pin=R10-2
Added Net: Name=NetJ13_2
Added Pin To Net: NetName=NetJ14_2 Pin=J14-2
Added Pin To Net: NetName=NetJ14_2 Pin=R11-2
Added Net: Name=NetJ14_2
Added Member To Class: ClassName=Sheet4 Member=Component C12 Cap Semi
Added Member To Class: ClassName=Sheet4 Member=Component C13 Cap Semi
Added Member To Class: ClassName=Sheet4 Member=Component C14 Cap Semi
Added Member To Class: ClassName=Sheet4 Member=Component C15 Cap Semi
