Removed Pin From Net: NetName=GND Pin=C7-1
Removed Pin From Net: NetName=+3.3VDC_1 Pin=C7-2
Removed Pin From Net: NetName=NetC10_1 Pin=C8-1
Removed Pin From Net: NetName=NetC10_2 Pin=C8-2
Removed Pin From Net: NetName=FET6 Pin=Q3-1
Removed Pin From Net: NetName=FET7 Pin=Q6-1
Removed Pin From Net: NetName=FET5 Pin=Q7-1
Removed Pin From Net: NetName=FET3 Pin=Q8-1
Removed Pin From Net: NetName=FET3 Pin=U6-9
Removed Pin From Net: NetName=FET4 Pin=U6-10
Removed Pin From Net: NetName=FET5 Pin=U6-11
Removed Pin From Net: NetName=FET6 Pin=U6-12
Removed Pin From Net: NetName=FET7 Pin=U6-13
Added Component: Designator=C9(1608[0603])
Added Component: Designator=C10(1608[0603])
Added Pin To Net: NetName=+3.3VDC_0 Pin=C7-1
Added Pin To Net: NetName=GND Pin=C7-2
Added Pin To Net: NetName=+3.3VDC_0 Pin=C8-1
Added Pin To Net: NetName=GND Pin=C8-2
Added Pin To Net: NetName=GND Pin=C7-1
Added Pin To Net: NetName=+3.3VDC_1 Pin=C7-2
Added Pin To Net: NetName=NetC10_1 Pin=C8-1
Added Pin To Net: NetName=NetC10_2 Pin=C8-2
Added Pin To Net: NetName=FET3 Pin=Q3-1
Added Pin To Net: NetName=FET5 Pin=Q5-1
Added Pin To Net: NetName=FET6 Pin=Q6-1
Added Pin To Net: NetName=FET7 Pin=Q7-1
Added Pin To Net: NetName=FET3 Pin=U6-8
Added Pin To Net: NetName=FET4 Pin=U6-9
Added Pin To Net: NetName=FET5 Pin=U6-10
Added Pin To Net: NetName=FET6 Pin=U6-11
Added Pin To Net: NetName=FET7 Pin=U6-12
Change Net Name : Old Net Name=FET0 New Net Name=FET1
Change Net Name : Old Net Name=FET1 New Net Name=FET2
Added Pin To Net: NetName=FET8 Pin=Q8-1
Added Pin To Net: NetName=FET8 Pin=U6-13
Added Net: Name=FET8
Added Member To Class: ClassName=Sheet1 Member=Component C9 Cap Semi
Added Member To Class: ClassName=Sheet1 Member=Component C10 Cap Semi
Added Member To Class: ClassName=Sheet2 Member=Component D1 S1M
Added Member To Class: ClassName=Sheet2 Member=Component D2 S1M
Added Member To Class: ClassName=Sheet2 Member=Component D3 S1M
Added Member To Class: ClassName=Sheet2 Member=Component D4 S1M
Added Member To Class: ClassName=Sheet2 Member=Component D5 S1M
Added Member To Class: ClassName=Sheet2 Member=Component D6 S1M
Added Member To Class: ClassName=Sheet2 Member=Component D7 S1M
Added Member To Class: ClassName=Sheet2 Member=Component D8 S1M
Added Member To Class: ClassName=Sheet2 Member=Component J5 430450226
Added Member To Class: ClassName=Sheet2 Member=Component J6 430450226
Added Member To Class: ClassName=Sheet2 Member=Component J7 430450226
Added Member To Class: ClassName=Sheet2 Member=Component J8 430450226
Added Member To Class: ClassName=Sheet2 Member=Component J9 430450226
Added Member To Class: ClassName=Sheet2 Member=Component J10 430450226
Added Member To Class: ClassName=Sheet2 Member=Component J11 430450226
Added Member To Class: ClassName=Sheet2 Member=Component J12 430450226
Added Member To Class: ClassName=Sheet2 Member=Component P7 Power Select
Added Member To Class: ClassName=Sheet2 Member=Component P8 Power Select
Added Member To Class: ClassName=Sheet2 Member=Component P9 Power Select
Added Member To Class: ClassName=Sheet2 Member=Component P10 Power Select
Added Member To Class: ClassName=Sheet2 Member=Component P11 Power Select
Added Member To Class: ClassName=Sheet2 Member=Component P12 Power Select
Added Member To Class: ClassName=Sheet2 Member=Component P13 Power Select
Added Member To Class: ClassName=Sheet2 Member=Component P14 Power Select
Added Member To Class: ClassName=Sheet2 Member=Component Q1 BUK98150-55A/CUF
Added Member To Class: ClassName=Sheet2 Member=Component Q2 BUK98150-55A/CUF
Added Member To Class: ClassName=Sheet2 Member=Component Q3 BUK98150-55A/CUF
Added Member To Class: ClassName=Sheet2 Member=Component Q4 BUK98150-55A/CUF
Added Member To Class: ClassName=Sheet2 Member=Component Q5 BUK98150-55A/CUF
Added Member To Class: ClassName=Sheet2 Member=Component Q6 BUK98150-55A/CUF
Added Member To Class: ClassName=Sheet2 Member=Component Q7 BUK98150-55A/CUF
Added Member To Class: ClassName=Sheet2 Member=Component Q8 BUK98150-55A/CUF
