Removed Pin From Net: NetName=GND Pin=C7-1
Removed Pin From Net: NetName=+3.3VDC_1 Pin=C7-2
Removed Pin From Net: NetName=NetC10_1 Pin=C8-1
Removed Pin From Net: NetName=NetC10_2 Pin=C8-2
Change Component Designator: OldDesignator=IC1 NewDesignator=U9
Added Component: Designator=C9(1608[0603])
Added Component: Designator=C10(1608[0603])
Added Pin To Net: NetName=GND Pin=C5-1
Added Pin To Net: NetName=+3.3VDC_0 Pin=C5-2
Added Pin To Net: NetName=NetC6_1 Pin=C6-1
Added Pin To Net: NetName=NetC6_2 Pin=C6-2
Added Pin To Net: NetName=+3.3VDC_0 Pin=C7-1
Added Pin To Net: NetName=GND Pin=C7-2
Added Pin To Net: NetName=+3.3VDC_0 Pin=C8-1
Added Pin To Net: NetName=GND Pin=C8-2
Added Pin To Net: NetName=GND Pin=C7-1
Added Pin To Net: NetName=+3.3VDC_1 Pin=C7-2
Added Pin To Net: NetName=NetC10_1 Pin=C8-1
Added Pin To Net: NetName=NetC10_2 Pin=C8-2
Added Pin To Net: NetName=GND Pin=U2-1
Added Pin To Net: NetName=SDA Pin=U2-2
Added Pin To Net: NetName=SCL Pin=U2-3
Added Pin To Net: NetName=NetC6_2 Pin=U2-4
Added Pin To Net: NetName=NetC6_1 Pin=U2-6
Added Pin To Net: NetName=+3.3VDC_0 Pin=U2-12
Added Member To Class: ClassName=Sheet1 Member=Component C5 Cap Semi
Added Member To Class: ClassName=Sheet1 Member=Component C6 Cap Semi
Added Member To Class: ClassName=Sheet1 Member=Component C9 Cap Semi
Added Member To Class: ClassName=Sheet1 Member=Component C10 Cap Semi
Added Member To Class: ClassName=Sheet1 Member=Component U2 MPRLS0300YG00001
