Removed Pin From Net: NetName=GND Pin=C7-1
Removed Pin From Net: NetName=+3.3VDC_1 Pin=C7-2
Removed Pin From Net: NetName=GND Pin=C11-2
Removed Pin From Net: NetName=GND Pin=C12-2
Removed Pin From Net: NetName=NetC13_1 Pin=C14-1
Removed Pin From Net: NetName=GND Pin=C14-2
Removed Pin From Net: NetName=NetJ6_2 Pin=R5-2
Removed Pin From Net: NetName=NetJ7_2 Pin=R6-2
Removed Pin From Net: NetName=NetR7_1 Pin=U6-23
Removed Pin From Net: NetName=NetC11_1 Pin=U7-46
Removed Pin From Net: NetName=NetR8_1 Pin=U7-54
Removed Member From Class: ClassName=Sheet1 Member=J4
Removed Member From Class: ClassName=Sheet1 Member=J5
Removed Member From Class: ClassName=Sheet1 Member=J6
Removed Member From Class: ClassName=Sheet1 Member=J7
Removed Member From Class: ClassName=Sheet1 Member=R4
Removed Member From Class: ClassName=Sheet1 Member=R5
Removed Member From Class: ClassName=Sheet1 Member=R6
Change Component Footprint: Designator=C14 Old Footprint=1608[0603] New Footprint=0402
Change Component Footprint: Designator=R3 Old Footprint=J1-0603 New Footprint=0402
Change Component Footprint: Designator=R4 Old Footprint=J1-0603 New Footprint=0402
Change Component Footprint: Designator=R5 Old Footprint=J1-0603 New Footprint=0402
Change Component Footprint: Designator=R6 Old Footprint=J1-0603 New Footprint=0402
Change Component Footprint: Designator=R7 Old Footprint=J1-0603 New Footprint=0402
Change Component Comment : Designator=J4 Old Comment=DAC New Comment=To Thermistor
Change Component Comment : Designator=R3 Old Comment=DNC New Comment=Res3
Change Component Comment : Designator=J5 Old Comment=Extra ADC New Comment=To Thermistor
Change Component Comment : Designator=R5 Old Comment=SQRT( R_0C*R_40C) New Comment=Res3
Change Component Comment : Designator=J6 Old Comment=To Thermistor New Comment=DAC
Change Component Comment : Designator=J7 Old Comment=To Thermistor New Comment=Extra ADC
Change Component Designator: OldDesignator=C9 NewDesignator=C13
Change Component Designator: OldDesignator=C10 NewDesignator=C15
Change Component Designator: OldDesignator=C13 NewDesignator=C18
Change Component Designator: OldDesignator=C15 NewDesignator=C20
Change Component Designator: OldDesignator=C16 NewDesignator=C21
Change Component Designator: OldDesignator=C17 NewDesignator=C22
Change Component Designator: OldDesignator=C18 NewDesignator=C23
Change Component Designator: OldDesignator=C19 NewDesignator=C24
Change Component Designator: OldDesignator=C20 NewDesignator=C25
Change Component Designator: OldDesignator=C21 NewDesignator=C26
Change Component Designator: OldDesignator=C22 NewDesignator=C27
Change Component Designator: OldDesignator=C23 NewDesignator=C28
Change Component Designator: OldDesignator=C24 NewDesignator=C29
Added Component: Designator=C9(1608[0603])
Added Component: Designator=C10(1608[0603])
Added Component: Designator=C16(1608[0603])
Added Component: Designator=C17(1608[0603])
Added Component: Designator=C19(1608[0603])
Added Component: Designator=P13(HDR1X2)
Added Component: Designator=P14(HDR1X2)
Added Component: Designator=R9(0402)
Added Component: Designator=R10(0402)
Added Component: Designator=R11(0402)
Added Component: Designator=R12(0402)
Added Component: Designator=R13(J1-0603)
Added Component: Designator=R14(J1-0603)
Added Component: Designator=R15(J1-0603)
Added Component: Designator=R16(J1-0603)
Added Component: Designator=U1(SOT95P285X140-5N)
Added Component: Designator=U2(SOT95P285X140-5N)
Added Component: Designator=U9(DSG0008A)
Added Component: Designator=U10(DSG0008A)
Added Pin To Net: NetName=GND Pin=C7-2
Added Pin To Net: NetName=GND Pin=C8-2
Added Pin To Net: NetName=GND Pin=C7-1
Added Pin To Net: NetName=+3.3VDC_1 Pin=C7-2
Added Pin To Net: NetName=NetC11_1 Pin=C12-1
Added Pin To Net: NetName=GND Pin=C14-1
Added Pin To Net: NetName=GND Pin=C11-2
Added Pin To Net: NetName=GND Pin=C12-2
Added Pin To Net: NetName=NetC13_1 Pin=C14-1
Added Pin To Net: NetName=GND Pin=C14-2
Added Pin To Net: NetName=NetC11_1 Pin=IC1-2
Added Pin To Net: NetName=+3.3VDC_2 Pin=J1-2
Added Pin To Net: NetName=GND Pin=R3-1
Added Pin To Net: NetName=GND Pin=R4-2
Added Pin To Net: NetName=GND Pin=R5-2
Added Pin To Net: NetName=GND Pin=R6-2
Added Pin To Net: NetName=GND Pin=R8-2
Added Pin To Net: NetName=GND Pin=R7-2
Added Pin To Net: NetName=GND Pin=R10-2
Added Pin To Net: NetName=+3.3VDC_1 Pin=R11-1
Added Pin To Net: NetName=NetJ6_2 Pin=R15-2
Added Pin To Net: NetName=NetJ7_2 Pin=R16-2
Added Pin To Net: NetName=VBUS Pin=U1-1
Added Pin To Net: NetName=GND Pin=U1-2
Added Pin To Net: NetName=NetR1_1 Pin=U1-3
Added Pin To Net: NetName=+3.3VDC_1 Pin=U1-5
Added Pin To Net: NetName=VBUS Pin=U2-1
Added Pin To Net: NetName=GND Pin=U2-2
Added Pin To Net: NetName=NetR2_1 Pin=U2-3
Added Pin To Net: NetName=+3.3VDC_2 Pin=U2-5
Added Pin To Net: NetName=GND Pin=U4-10
Added Pin To Net: NetName=NetR7_1 Pin=U6-4
Added Pin To Net: NetName=NetR8_1 Pin=U6-5
Added Pin To Net: NetName=GND Pin=U9-4
Added Pin To Net: NetName=+3.3VDC_1 Pin=U9-8
Added Pin To Net: NetName=GND Pin=U9-9
Change Net Name : Old Net Name=NetC10_1 New Net Name=NetC15_1
Change Net Name : Old Net Name=NetC13_1 New Net Name=NetC18_1
Change Net Name : Old Net Name=NetC16_1 New Net Name=NetC21_1
Change Net Name : Old Net Name=NetC18_1 New Net Name=NetC23_1
Change Net Name : Old Net Name=NetC20_1 New Net Name=NetC25_1
Change Net Name : Old Net Name=NetC21_1 New Net Name=NetC26_1
Change Net Name : Old Net Name=NetC23_2 New Net Name=NetC28_2
Change Net Name : Old Net Name=NetC24_1 New Net Name=NetC29_1
Added Pin To Net: NetName=NetC7_1 Pin=C7-1
Added Pin To Net: NetName=NetC7_1 Pin=C8-1
Added Pin To Net: NetName=NetC7_1 Pin=U4-1
Added Net: Name=NetC7_1
Added Pin To Net: NetName=NetC10_1 Pin=C8-1
Added Pin To Net: NetName=NetC10_1 Pin=U5-6
Added Net: Name=NetC10_1
Added Pin To Net: NetName=NetC10_2 Pin=C8-2
Added Pin To Net: NetName=NetC10_2 Pin=U5-4
Added Net: Name=NetC10_2
Added Pin To Net: NetName=NetC14_2 Pin=C14-2
Added Pin To Net: NetName=NetC14_2 Pin=R11-2
Added Pin To Net: NetName=NetC14_2 Pin=U7-4
Added Net: Name=NetC14_2
Added Pin To Net: NetName=NetC16_1 Pin=C11-1
Added Pin To Net: NetName=NetC16_1 Pin=U7-46
Added Net: Name=NetC16_1
Added Pin To Net: NetName=NetC17_1 Pin=C12-1
Added Pin To Net: NetName=NetC17_1 Pin=L1-1
Added Net: Name=NetC17_1
Added Pin To Net: NetName=NetC27_2 Pin=C27-2
Added Pin To Net: NetName=NetC27_2 Pin=R8-2
Added Pin To Net: NetName=NetC27_2 Pin=Y1-1
Added Net: Name=NetC27_2
Added Pin To Net: NetName=NetR3_2 Pin=R3-2
Added Pin To Net: NetName=NetR3_2 Pin=U4-4
Added Net: Name=NetR3_2
Added Pin To Net: NetName=NetR4_1 Pin=R4-1
Added Pin To Net: NetName=NetR4_1 Pin=U6-1
Added Net: Name=NetR4_1
Added Pin To Net: NetName=NetR5_1 Pin=R5-1
Added Pin To Net: NetName=NetR5_1 Pin=U6-2
Added Net: Name=NetR5_1
Added Pin To Net: NetName=NetR6_1 Pin=R6-1
Added Pin To Net: NetName=NetR6_1 Pin=U6-3
Added Net: Name=NetR6_1
Added Pin To Net: NetName=NetR9_1 Pin=R7-1
Added Pin To Net: NetName=NetR9_1 Pin=U6-23
Added Net: Name=NetR9_1
Added Pin To Net: NetName=NetR10_1 Pin=R10-1
Added Pin To Net: NetName=NetR10_1 Pin=U6-24
Added Net: Name=NetR10_1
Added Pin To Net: NetName=NetR12_1 Pin=R8-1
Added Pin To Net: NetName=NetR12_1 Pin=U7-54
Added Net: Name=NetR12_1
Added Pin To Net: NetName=NetU9_1 Pin=U9-1
Added Pin To Net: NetName=NetU9_1 Pin=U9-2
Added Net: Name=NetU9_1
Added Pin To Net: NetName=NetU9_6 Pin=U9-6
Added Pin To Net: NetName=NetU9_6 Pin=U9-7
Added Net: Name=NetU9_6
Added Pin To Net: NetName=PWM4 Pin=U6-10
Added Net: Name=PWM4
Added Pin To Net: NetName=PWM5 Pin=U6-11
Added Net: Name=PWM5
Added Pin To Net: NetName=PWM6 Pin=U6-12
Added Net: Name=PWM6
Added Pin To Net: NetName=PWM7 Pin=U6-13
Added Net: Name=PWM7
Added Pin To Net: NetName=PWM8 Pin=U6-15
Added Net: Name=PWM8
Added Pin To Net: NetName=PWM9 Pin=U6-16
Added Net: Name=PWM9
Added Pin To Net: NetName=PWM10 Pin=U6-17
Added Net: Name=PWM10
Added Pin To Net: NetName=PWM11 Pin=U6-18
Added Net: Name=PWM11
Added Pin To Net: NetName=PWM12 Pin=U6-19
Added Net: Name=PWM12
Added Pin To Net: NetName=PWM13 Pin=U6-20
Added Net: Name=PWM13
Added Pin To Net: NetName=PWM14 Pin=U6-21
Added Net: Name=PWM14
Added Pin To Net: NetName=PWM15 Pin=U6-22
Added Net: Name=PWM15
Added Pin To Net: NetName=V_OUT1 Pin=J4-2
Added Pin To Net: NetName=V_OUT1 Pin=J5-2
Added Pin To Net: NetName=V_OUT1 Pin=R13-2
Added Pin To Net: NetName=V_OUT1 Pin=R14-2
Added Pin To Net: NetName=V_OUT1 Pin=U9-3
Added Net: Name=V_OUT1
Added Pin To Net: NetName=V_OUT2 Pin=U9-5
Added Net: Name=V_OUT2
Added Class: Name=ADC Inputs
Added Member To Class: ClassName=Sheet1 Member=Component C9 Cap Semi
Added Member To Class: ClassName=Sheet1 Member=Component C10 Cap Semi
Added Member To Class: ClassName=Sheet1 Member=Component C11 Cap Semi
Added Member To Class: ClassName=Sheet1 Member=Component C12 Cap Semi
Added Member To Class: ClassName=MCU Member=Component C29 Cap Semi
Added Member To Class: ClassName=Power Mosfet IO Member=Component R4 Res3
Added Member To Class: ClassName=Power Mosfet IO Member=Component R5 Res3
Added Member To Class: ClassName=Power Mosfet IO Member=Component R6 Res3
Added Member To Class: ClassName=Power Mosfet IO Member=Component R8 Res3
Added Member To Class: ClassName=Power Mosfet IO Member=Component R9 Res3
Added Member To Class: ClassName=Power Mosfet IO Member=Component R10 Res3
Added Member To Class: ClassName=MCU Member=Component R11 Res3
Added Member To Class: ClassName=Sheet1 Member=Component U1 AP2112K-3.3TRG1
Added Member To Class: ClassName=Sheet1 Member=Component U2 AP2112K-3.3TRG1
