Removed Pin From Net: NetName=NetJ?_2 Pin=R?-2
Removed Pin From Net: NetName=SDA1 Pin=U?-2
Removed Pin From Net: NetName=SDA Pin=U?-5
Removed Pin From Net: NetName=SCL Pin=U?-6
Change Component DesignItemId : Designator=U? Old DesignItemId=MPRLS0300YG00001 New DesignItemId=ADAFRUIT_QT_PY
Change Component Footprint: Designator=U? Old Footprint=MPRLS0300YG00000 New Footprint=MODULE_ADAFRUIT_QT_PY
Change Component Comment : Designator=U? Old Comment=MPRLS0300YG00001 New Comment=Check availability
Change Component Comment : Designator=R? Old Comment=Res3 New Comment=DNC
Change Component Comment : Designator=R? Old Comment=Res3 New Comment=SQRT( R_0C*R_40C)
Added Component: Designator=C?(1608[0603])
Added Component: Designator=C?(1608[0603])
Added Component: Designator=C?(1608[0603])
Added Component: Designator=C?(1608[0603])
Added Component: Designator=P?(HDR2X3_CEN)
Added Component: Designator=P?(D36V50FXX, 4.5A)
Added Component: Designator=P?(D36V50FXX, 4.5A)
Added Component: Designator=R?(J1-0603)
Added Component: Designator=R?(J1-0603)
Added Component: Designator=R?(J1-0603)
Added Component: Designator=U?(MPRLS0300YG00000)
Added Pin To Net: NetName=GND Pin=C?-1
Added Pin To Net: NetName=GND Pin=C?-1
Added Pin To Net: NetName=GND Pin=C?-1
Added Pin To Net: NetName=GND Pin=C?-1
Added Pin To Net: NetName=GND Pin=P?-4
Added Pin To Net: NetName=GND Pin=P?-4
Added Pin To Net: NetName=GND Pin=P?-5
Added Pin To Net: NetName=GND Pin=P?-5
Added Pin To Net: NetName=GND Pin=P?-5
Added Pin To Net: NetName=GND Pin=P?-6
Added Pin To Net: NetName=GND Pin=P?-7
Added Pin To Net: NetName=GND Pin=P?-8
Added Pin To Net: NetName=GND Pin=P?-10
Added Pin To Net: NetName=GND Pin=P?-10
Added Pin To Net: NetName=GND Pin=P?-11
Added Pin To Net: NetName=GND Pin=P?-11
Added Pin To Net: NetName=NetJ?_2 Pin=R?-2
Added Pin To Net: NetName=GND Pin=U?-2
Added Pin To Net: NetName=GND Pin=U?-2
Added Pin To Net: NetName=SDA1 Pin=U?-2
Added Pin To Net: NetName=SDA Pin=U?-5
Added Pin To Net: NetName=SCL Pin=U?-6
Added Pin To Net: NetName=+3.3VDC_1 Pin=C?-2
Added Pin To Net: NetName=+3.3VDC_1 Pin=U?-5
Added Net: Name=+3.3VDC_1
Added Pin To Net: NetName=+3.3VDC_2 Pin=C?-2
Added Pin To Net: NetName=+3.3VDC_2 Pin=U?-5
Added Net: Name=+3.3VDC_2
Added Pin To Net: NetName=+5VDC Pin=P?-6
Added Pin To Net: NetName=+5VDC Pin=P?-12
Added Net: Name=+5VDC
Added Pin To Net: NetName=+12VDC Pin=P?-6
Added Pin To Net: NetName=+12VDC Pin=P?-12
Added Net: Name=+12VDC
Added Pin To Net: NetName=+24VDC_RP1 Pin=P?-2
Added Pin To Net: NetName=+24VDC_RP1 Pin=P?-8
Added Net: Name=+24VDC_RP1
Added Pin To Net: NetName=+24VDC_RP2 Pin=P?-2
Added Pin To Net: NetName=+24VDC_RP2 Pin=P?-8
Added Net: Name=+24VDC_RP2
Added Pin To Net: NetName=+24VDC Pin=P?-1
Added Pin To Net: NetName=+24VDC Pin=P?-2
Added Pin To Net: NetName=+24VDC Pin=P?-3
Added Pin To Net: NetName=+24VDC Pin=P?-3
Added Pin To Net: NetName=+24VDC Pin=P?-3
Added Pin To Net: NetName=+24VDC Pin=P?-4
Added Pin To Net: NetName=+24VDC Pin=P?-9
Added Pin To Net: NetName=+24VDC Pin=P?-9
Added Net: Name=+24VDC
Added Pin To Net: NetName=EN Pin=P?-1
Added Pin To Net: NetName=EN Pin=P?-1
Added Net: Name=EN
Added Pin To Net: NetName=FET0 Pin=U?-6
Added Net: Name=FET0
Added Pin To Net: NetName=FET1 Pin=U?-7
Added Net: Name=FET1
Added Pin To Net: NetName=FET2 Pin=U?-8
Added Net: Name=FET2
Added Pin To Net: NetName=FET3 Pin=U?-9
Added Net: Name=FET3
Added Pin To Net: NetName=FET4 Pin=U?-10
Added Net: Name=FET4
Added Pin To Net: NetName=NetMOSFET?_4 Pin=P?-2
Added Net: Name=NetMOSFET?_4
Added Pin To Net: NetName=NetP?_1 Pin=P?-1
Added Pin To Net: NetName=NetP?_1 Pin=P?-4
Added Pin To Net: NetName=NetP?_1 Pin=P?-5
Added Pin To Net: NetName=NetP?_1 Pin=P?-6
Added Net: Name=NetP?_1
Added Pin To Net: NetName=NetR?_1 Pin=R?-1
Added Net: Name=NetR?_1
Added Pin To Net: NetName=PG Pin=P?-7
Added Pin To Net: NetName=PG Pin=P?-7
Added Net: Name=PG
Added Pin To Net: NetName=VBUS Pin=C?-2
Added Pin To Net: NetName=VBUS Pin=C?-2
Added Pin To Net: NetName=VBUS Pin=R?-2
Added Pin To Net: NetName=VBUS Pin=R?-2
Added Pin To Net: NetName=VBUS Pin=U?-1
Added Pin To Net: NetName=VBUS Pin=U?-1
Added Net: Name=VBUS
Added Class: Name=Sheet2
Added Class: Name=Sheet3
Added Member To Class: ClassName=Sheet1 Member=Component C? Cap Semi
Added Member To Class: ClassName=Sheet1 Member=Component P? D36V50F5
