Added Component: Designator=J15(MOLEX_503182-1852)
Added Component: Designator=R12(0402)
Added Pin To Net: NetName=MOSI Pin=J15-3
Added Pin To Net: NetName=+3.3VDC_0 Pin=J15-4
Added Pin To Net: NetName=SCK Pin=J15-5
Added Pin To Net: NetName=GND Pin=J15-6
Added Pin To Net: NetName=MISO Pin=J15-7
Added Pin To Net: NetName=RX Pin=P5-1
Added Pin To Net: NetName=TX Pin=P5-2
Added Pin To Net: NetName=GND Pin=P5-3
Added Pin To Net: NetName=GND Pin=P5-5
Added Pin To Net: NetName=GND Pin=P5-7
Added Pin To Net: NetName=GND Pin=P5-9
Added Pin To Net: NetName=A0 Pin=P5-10
Added Pin To Net: NetName=GND Pin=P5-11
Added Pin To Net: NetName=A1 Pin=P5-12
Added Pin To Net: NetName=GND Pin=P5-13
Added Pin To Net: NetName=GND Pin=P5-15
Added Pin To Net: NetName=+3.3VDC_0 Pin=R12-2
Added Pin To Net: NetName=CLK_INT Pin=P5-14
Added Pin To Net: NetName=CLK_INT Pin=U9-3
Added Net: Name=CLK_INT
Added Pin To Net: NetName=CS Pin=J15-2
Added Pin To Net: NetName=CS Pin=R12-1
Added Net: Name=CS
Added Pin To Net: NetName=NetJ15_P1 Pin=J15-P1
Added Pin To Net: NetName=NetJ15_P1 Pin=J15-P2
Added Pin To Net: NetName=NetJ15_P1 Pin=J15-P3
Added Pin To Net: NetName=NetJ15_P1 Pin=J15-P4
Added Pin To Net: NetName=NetJ15_P1 Pin=J15-P5
Added Net: Name=NetJ15_P1
Added Pin To Net: NetName=VB Pin=P5-4
Added Pin To Net: NetName=VB Pin=U3-7
Added Net: Name=VB
Added Pin To Net: NetName=VC Pin=P5-6
Added Pin To Net: NetName=VC Pin=U3-8
Added Net: Name=VC
Added Pin To Net: NetName=VD Pin=P5-8
Added Pin To Net: NetName=VD Pin=U3-9
Added Net: Name=VD
Added Member To Class: ClassName=Sheet1 Member=Component J15 503182-1852
Added Member To Class: ClassName=Sheet2 Member=Component R5 Res3
Added Member To Class: ClassName=Sheet2 Member=Component R6 Res3
Added Member To Class: ClassName=Sheet1 Member=Component R12 Res3
