Removed Pin From Net: NetName=GND Pin=C7-1
Removed Pin From Net: NetName=+3.3VDC_1 Pin=C7-2
Removed Pin From Net: NetName=NetC10_1 Pin=C8-1
Removed Pin From Net: NetName=NetC10_2 Pin=C8-2
Removed Pin From Net: NetName=NetC16_1 Pin=C11-1
Removed Pin From Net: NetName=NetC17_1 Pin=C12-1
Removed Pin From Net: NetName=NetC18_1 Pin=C14-1
Removed Pin From Net: NetName=GND Pin=C14-2
Removed Pin From Net: NetName=NetR9_1 Pin=R7-1
Removed Pin From Net: NetName=NetR12_1 Pin=R8-1
Removed Pin From Net: NetName=NetC27_2 Pin=R8-2
Change Component Footprint: Designator=J1 Old Footprint=JST_SM04B-SRSS-TB(LF)(SN) New Footprint=4P vert
Change Component Footprint: Designator=J3 Old Footprint=JST_SM04B-SRSS-TB(LF)(SN) New Footprint=4P vert
Added Component: Designator=C9(1608[0603])
Added Component: Designator=C10(1608[0603])
Added Component: Designator=C16(1608[0603])
Added Component: Designator=C17(1608[0603])
Added Component: Designator=C19(1608[0603])
Added Component: Designator=R9(0402)
Added Component: Designator=R12(0402)
Added Pin To Net: NetName=GND Pin=C1-1
Added Pin To Net: NetName=VBUS Pin=C1-2
Added Pin To Net: NetName=GND Pin=C2-1
Added Pin To Net: NetName=+3.3VDC_0 Pin=C2-2
Added Pin To Net: NetName=GND Pin=C3-1
Added Pin To Net: NetName=VBUS Pin=C3-2
Added Pin To Net: NetName=GND Pin=C4-1
Added Pin To Net: NetName=+3.3VDC_1 Pin=C4-2
Added Pin To Net: NetName=+3.3VDC_0 Pin=C7-1
Added Pin To Net: NetName=GND Pin=C7-2
Added Pin To Net: NetName=+3.3VDC_0 Pin=C8-1
Added Pin To Net: NetName=GND Pin=C8-2
Added Pin To Net: NetName=GND Pin=C7-1
Added Pin To Net: NetName=+3.3VDC_1 Pin=C7-2
Added Pin To Net: NetName=NetC10_1 Pin=C8-1
Added Pin To Net: NetName=NetC10_2 Pin=C8-2
Added Pin To Net: NetName=+3.3VDC_0 Pin=C11-1
Added Pin To Net: NetName=+3.3VDC_0 Pin=C12-1
Added Pin To Net: NetName=GND Pin=C14-1
Added Pin To Net: NetName=NetC14_2 Pin=C14-2
Added Pin To Net: NetName=NetC16_1 Pin=C11-1
Added Pin To Net: NetName=GND Pin=C11-2
Added Pin To Net: NetName=NetC17_1 Pin=C12-1
Added Pin To Net: NetName=GND Pin=C12-2
Added Pin To Net: NetName=NetC18_1 Pin=C14-1
Added Pin To Net: NetName=GND Pin=C14-2
Added Pin To Net: NetName=NetR1_1 Pin=R1-1
Added Pin To Net: NetName=VBUS Pin=R1-2
Added Pin To Net: NetName=NetR2_1 Pin=R2-1
Added Pin To Net: NetName=VBUS Pin=R2-2
Added Pin To Net: NetName=NetR7_1 Pin=R7-1
Added Pin To Net: NetName=NetR8_1 Pin=R8-1
Added Pin To Net: NetName=GND Pin=R8-2
Added Pin To Net: NetName=NetR9_1 Pin=R7-1
Added Pin To Net: NetName=GND Pin=R7-2
Added Pin To Net: NetName=NetR12_1 Pin=R8-1
Added Pin To Net: NetName=NetC27_2 Pin=R8-2
Added Pin To Net: NetName=VBUS Pin=U1-1
Added Pin To Net: NetName=GND Pin=U1-2
Added Pin To Net: NetName=NetR1_1 Pin=U1-3
Added Pin To Net: NetName=+3.3VDC_0 Pin=U1-5
Added Pin To Net: NetName=VBUS Pin=U2-1
Added Pin To Net: NetName=GND Pin=U2-2
Added Pin To Net: NetName=NetR2_1 Pin=U2-3
Added Pin To Net: NetName=+3.3VDC_1 Pin=U2-5
Added Member To Class: ClassName=Sheet1 Member=Component C1 Cap Semi
Added Member To Class: ClassName=Sheet1 Member=Component C2 Cap Semi
Added Member To Class: ClassName=Sheet1 Member=Component C3 Cap Semi
Added Member To Class: ClassName=Sheet1 Member=Component C4 Cap Semi
Added Member To Class: ClassName=Sheet1 Member=Component C9 Cap Semi
Added Member To Class: ClassName=Sheet1 Member=Component C10 Cap Semi
Added Member To Class: ClassName=MCU Member=Component C19 Cap Semi
Added Member To Class: ClassName=Sheet1 Member=Component R1 Res3
Added Member To Class: ClassName=Sheet1 Member=Component R2 Res3
Added Member To Class: ClassName=Power Mosfet IO Member=Component R9 Res3
Added Member To Class: ClassName=Sheet1 Member=Component U1 AP2112K-3.3TRG1
Added Member To Class: ClassName=Sheet1 Member=Component U2 AP2112K-3.3TRG1
