Removed Pin From Net: NetName=GND Pin=C7-1
Removed Pin From Net: NetName=+3.3VDC_1 Pin=C7-2
Removed Pin From Net: NetName=NetC10_1 Pin=C8-1
Removed Pin From Net: NetName=NetC10_2 Pin=C8-2
Removed Pin From Net: NetName=+5VDC Pin=P6-2
Removed Pin From Net: NetName=+12VDC Pin=P6-6
Removed Pin From Net: NetName=GND Pin=P6-7
Removed Pin From Net: NetName=+12VDC Pin=P6-8
Removed Pin From Net: NetName=GND Pin=P6-9
Removed Pin From Net: NetName=+24VDC_RP2 Pin=P6-10
Removed Pin From Net: NetName=GND Pin=P6-11
Added Component: Designator=C9(1608[0603])
Added Component: Designator=C10(1608[0603])
Added Pin To Net: NetName=+3.3VDC_0 Pin=C7-1
Added Pin To Net: NetName=GND Pin=C7-2
Added Pin To Net: NetName=+3.3VDC_0 Pin=C8-1
Added Pin To Net: NetName=GND Pin=C8-2
Added Pin To Net: NetName=GND Pin=C7-1
Added Pin To Net: NetName=+3.3VDC_1 Pin=C7-2
Added Pin To Net: NetName=NetC10_1 Pin=C8-1
Added Pin To Net: NetName=NetC10_2 Pin=C8-2
Added Pin To Net: NetName=GND Pin=P6-2
Added Pin To Net: NetName=GND Pin=P6-4
Added Pin To Net: NetName=GND Pin=P6-6
Added Pin To Net: NetName=+5VDC Pin=P6-7
Added Pin To Net: NetName=+5VDC Pin=P6-8
Added Pin To Net: NetName=+12VDC Pin=P6-9
Added Pin To Net: NetName=+12VDC Pin=P6-10
Added Pin To Net: NetName=+24VDC_RP2 Pin=P6-11
Added Member To Class: ClassName=Sheet1 Member=Component C9 Cap Semi
Added Member To Class: ClassName=Sheet1 Member=Component C10 Cap Semi
