Removed Member From Class: ClassName=Sheet1 Member=M1
Added Component: Designator=IC?(SO16W)
Added Component: Designator=J?(CONN_BM04B-SRSS-TB(LF)(SN))
Added Component: Designator=J?(CONN_BM04B-SRSS-TB(LF)(SN))
Added Component: Designator=J?(JST_SM04B-SRSS-TB(LF)(SN))
Added Component: Designator=J?(JST_SM04B-SRSS-TB(LF)(SN))
Added Component: Designator=J?(CONN_BM04B-SRSS-TB(LF)(SN))
Added Component: Designator=J?(JST_SM04B-SRSS-TB(LF)(SN))
Added Component: Designator=J?(CONN_BM04B-SRSS-TB(LF)(SN))
Added Component: Designator=R?(J1-0603)
Added Component: Designator=R?(J1-0603)
Added Component: Designator=R?(J1-0603)
Added Component: Designator=R?(J1-0603)
Added Component: Designator=U?(MODULE_ADAFRUIT_QT_PY)
Added Component: Designator=U?(SOP50P490X110-10N)
Added Component: Designator=U?(MPRLS0300YG00000)
Added Pin To Net: NetName=3.3V Pin=J?-2
Added Pin To Net: NetName=3.3V Pin=J?-2
Added Pin To Net: NetName=3.3V Pin=J?-2
Added Net: Name=3.3V
Added Pin To Net: NetName=GND Pin=J?-1
Added Pin To Net: NetName=GND Pin=J?-1
Added Pin To Net: NetName=GND Pin=J?-1
Added Net: Name=GND
Added Pin To Net: NetName=NetJ?_2 Pin=J?-2
Added Pin To Net: NetName=NetJ?_2 Pin=R?-2
Added Net: Name=NetJ?_2
Added Pin To Net: NetName=SCL1 Pin=J?-4
Added Pin To Net: NetName=SCL1 Pin=J?-4
Added Net: Name=SCL1
Added Pin To Net: NetName=SCL Pin=IC?-16
Added Pin To Net: NetName=SCL Pin=J?-4
Added Pin To Net: NetName=SCL Pin=U?-2
Added Pin To Net: NetName=SCL Pin=U?-3
Added Pin To Net: NetName=SCL Pin=U?-6
Added Net: Name=SCL
Added Pin To Net: NetName=SDA1 Pin=J?-3
Added Pin To Net: NetName=SDA1 Pin=J?-3
Added Pin To Net: NetName=SDA1 Pin=U?-2
Added Net: Name=SDA1
Added Pin To Net: NetName=SDA Pin=IC?-15
Added Pin To Net: NetName=SDA Pin=J?-3
Added Pin To Net: NetName=SDA Pin=U?-2
Added Pin To Net: NetName=SDA Pin=U?-3
Added Pin To Net: NetName=SDA Pin=U?-5
Added Net: Name=SDA
Added Member To Class: ClassName=Sheet1 Member=Component IC? Check availability
Added Member To Class: ClassName=Sheet1 Member=Component J? To Thermistor
Added Member To Class: ClassName=Sheet1 Member=Component R? Res3
