Added Component: Designator=C?(0402)
Added Component: Designator=J?(CONN_BM04B-SRSS-TB(LF)(SN))
Added Component: Designator=U?(PSON65P250X250X100-8N)
Added Pin To Net: NetName=3V3 Pin=C?-2
Added Pin To Net: NetName=3V3 Pin=J?-2
Added Pin To Net: NetName=3V3 Pin=U?-2
Added Pin To Net: NetName=3V3 Pin=U?-5
Added Pin To Net: NetName=3V3 Pin=U?-6
Added Pin To Net: NetName=3V3 Pin=U?-8
Added Net: Name=3V3
Added Pin To Net: NetName=GND Pin=C?-1
Added Pin To Net: NetName=GND Pin=J?-1
Added Net: Name=GND
Added Pin To Net: NetName=SCL Pin=J?-4
Added Pin To Net: NetName=SCL Pin=U?-4
Added Net: Name=SCL
Added Pin To Net: NetName=SDA Pin=J?-3
Added Pin To Net: NetName=SDA Pin=U?-3
Added Net: Name=SDA
Added Class: Name=Sheet1
