Removed Pin From Net: NetName=GND Pin=C1-1
Removed Pin From Net: NetName=+3.3V Pin=C1-2
Removed Pin From Net: NetName=GND Pin=C2-1
Removed Pin From Net: NetName=GND Pin=C5-1
Removed Pin From Net: NetName=GND Pin=C6-1
Removed Pin From Net: NetName=+3.3V Pin=C6-2
Removed Pin From Net: NetName=GND Pin=C9-1
Removed Pin From Net: NetName=GND Pin=R2-2
Removed Pin From Net: NetName=NetC8_2 Pin=R3-1
Removed Pin From Net: NetName=GND Pin=VR1-3
Removed Pin From Net: NetName=GND Pin=VR1-4
Removed Pin From Net: NetName=+3.3V Pin=VR1-8
Removed Member From Class: ClassName=Sheet1 Member=C1
Removed Member From Class: ClassName=Sheet1 Member=C2
Removed Member From Class: ClassName=Sheet1 Member=C5
Removed Member From Class: ClassName=Sheet1 Member=C6
Removed Member From Class: ClassName=Sheet1 Member=C9
Removed Member From Class: ClassName=Sheet1 Member=R2
Removed Member From Class: ClassName=Sheet1 Member=R3
Removed Member From Class: ClassName=Sheet1 Member=VR1
