Added Component: Designator=C4(0603)
Added Component: Designator=C7(J1-0603)
Added Component: Designator=D1(1608[0603])
Added Component: Designator=J1(KEYSTONE_5000)
Added Component: Designator=R1(1608[0603])
Added Component: Designator=R4(1608[0603])
Added Component: Designator=R5(1608[0603])
Added Component: Designator=U2(SOP65P490X110-8N)
Added Pin To Net: NetName=NetC4_1 Pin=C4-1
Added Pin To Net: NetName=GND Pin=C4-2
Added Pin To Net: NetName=GND Pin=C7-1
Added Pin To Net: NetName=NetC6_2 Pin=C7-2
Added Pin To Net: NetName=+3.3V Pin=D1-1
Added Pin To Net: NetName=NetD1_2 Pin=D1-2
Added Pin To Net: NetName=NetC6_2 Pin=J1-1
Added Pin To Net: NetName=+2V Pin=R1-1
Added Pin To Net: NetName=PSET Pin=R1-2
Added Pin To Net: NetName=GND Pin=R4-1
Added Pin To Net: NetName=NetD1_2 Pin=R4-2
Added Pin To Net: NetName=NSET Pin=R5-1
Added Pin To Net: NetName=GND Pin=R5-2
Added Pin To Net: NetName=NetC6_2 Pin=U2-1
Added Pin To Net: NetName=NetC6_1 Pin=U2-2
Added Pin To Net: NetName=NetR8_2 Pin=U2-3
Added Pin To Net: NetName=-2V Pin=U2-4
Added Pin To Net: NetName=NetR11_1 Pin=U2-5
Added Pin To Net: NetName=VOUT Pin=U2-6
Added Pin To Net: NetName=VOUT Pin=U2-7
Added Pin To Net: NetName=+2V Pin=U2-8
Added Member To Class: ClassName=Sheet1 Member=Component C4 X7R
Added Member To Class: ClassName=Sheet1 Member=Component C7 DNP
Added Member To Class: ClassName=Sheet1 Member=Component D1 Diode
Added Member To Class: ClassName=Sheet1 Member=Component J1 Check availability
Added Member To Class: ClassName=Sheet1 Member=Component R1 Res3
Added Member To Class: ClassName=Sheet1 Member=Component R4 Res3
Added Member To Class: ClassName=Sheet1 Member=Component R5 Res3
Added Member To Class: ClassName=Sheet1 Member=Component U2 Op Amp Dual GP R-R I/O ±2.75V/5.5V 8-Pin MSOP T/R Check availability
