Removed Pin From Net: NetName=GND Pin=ADC?-GND
Removed Pin From Net: NetName=GND Pin=ADC?-GND
Removed Pin From Net: NetName=GND Pin=ADC?-GND
Removed Pin From Net: NetName=GND Pin=ADC?-GND
Removed Pin From Net: NetName=GND Pin=ADC?-GND
Removed Pin From Net: NetName=GND Pin=ADC?-GND
Removed Pin From Net: NetName=GND Pin=ADC?-GND
Removed Pin From Net: NetName=GND Pin=ADC?-GND
Removed Pin From Net: NetName=GND Pin=ADC?-GND
Removed Pin From Net: NetName=GND Pin=ADC?-GND
Removed Pin From Net: NetName=GND Pin=ADC?-GND
Removed Pin From Net: NetName=GND Pin=ADC?-GND
Removed Pin From Net: NetName=GND Pin=ADC?-GND
Removed Pin From Net: NetName=GND Pin=ADC?-GND
Removed Pin From Net: NetName=GND Pin=ADC?-GND
Removed Pin From Net: NetName=GND Pin=ADC?-GND
Removed Pin From Net: NetName=GND Pin=ADC?-GND
Removed Pin From Net: NetName=GND Pin=ADC?-GND
Removed Pin From Net: NetName=GND Pin=ADC?-GND
Removed Pin From Net: NetName=GND Pin=ADC?-GND
Removed Pin From Net: NetName=GND Pin=ADC?-GND
Removed Pin From Net: NetName=GND Pin=ADC?-GND
Removed Pin From Net: NetName=GND Pin=ADC?-GND
Removed Pin From Net: NetName=GND Pin=ADC?-GND
Removed Pin From Net: NetName=GND Pin=ADC?-GND
Removed Pin From Net: NetName=GND Pin=ADC?-GND
Removed Pin From Net: NetName=GND Pin=ADC?-GND
Removed Pin From Net: NetName=GND Pin=ADC?-GND
Removed Pin From Net: NetName=GND Pin=ADC?-GND
Removed Pin From Net: NetName=GND Pin=ADC?-GND
Removed Pin From Net: NetName=GND Pin=ADC?-GND
Removed Pin From Net: NetName=GND Pin=ADC?-GND
Removed Pin From Net: NetName=GND Pin=ADC?-GND
Removed Pin From Net: NetName=GND Pin=ADC?-GND
Removed Pin From Net: NetName=GND Pin=ADC?-GND
Removed Pin From Net: NetName=GND Pin=C4-1
Removed Pin From Net: NetName=+3.3V Pin=C4-2
Removed Pin From Net: NetName=GND Pin=D1-2
Removed Pin From Net: NetName=GND Pin=D1-2
Removed Pin From Net: NetName=GND Pin=D1-3
Removed Pin From Net: NetName=GND Pin=D1-3
Removed Pin From Net: NetName=+3.3V Pin=D2-1
Removed Pin From Net: NetName=GND Pin=J1-2
Removed Pin From Net: NetName=GND Pin=J1-2
Removed Pin From Net: NetName=GND Pin=J1-2
Removed Pin From Net: NetName=GND Pin=J1-2
Removed Pin From Net: NetName=GND Pin=J3-1
Removed Pin From Net: NetName=+3.3V Pin=J3-2
Removed Pin From Net: NetName=GND Pin=R5-1
Removed Pin From Net: NetName=GND Pin=U2-3
Removed Pin From Net: NetName=GND Pin=U2-4
Removed Pin From Net: NetName=GND Pin=U2-5
Removed Pin From Net: NetName=+3.3V Pin=U2-6
Removed Pin From Net: NetName=+3.3V Pin=U2-10
Removed Pin From Net: NetName=GND Pin=U2-11
Removed Member From Class: ClassName=Sheet1 Member=ADC?
Removed Member From Class: ClassName=Sheet1 Member=J3
Change Component DesignItemId : Designator=C3 Old DesignItemId=Cap Semi New DesignItemId=Cap
Change Component DesignItemId : Designator=C4 Old DesignItemId=Cap Semi New DesignItemId=Cap
Change Component DesignItemId : Designator=D1 Old DesignItemId=Component_1 New DesignItemId=Diode
Change Component DesignItemId : Designator=J1 Old DesignItemId=CONMMCX001-SMD New DesignItemId=5000
Change Component DesignItemId : Designator=D2 Old DesignItemId=Diode New DesignItemId=Component_1
Change Component DesignItemId : Designator=U2 Old DesignItemId=LT6020IDD-1#PBF New DesignItemId=ADA4528-2ARMZ-R7
Change Component Footprint: Designator=D2 Old Footprint=1608[0603] New Footprint=FD05D
Change Component Footprint: Designator=C3 Old Footprint=1608[0603] New Footprint=RAD-0.3
Change Component Footprint: Designator=C4 Old Footprint=1608[0603] New Footprint=RAD-0.3
Change Component Footprint: Designator=D1 Old Footprint=FD05D New Footprint=1608[0603]
Change Component Footprint: Designator=R4 Old Footprint=J1-0603 New Footprint=1608[0603]
Change Component Footprint: Designator=J1 Old Footprint=LINX_CONMMCX001-SMD New Footprint=KEYSTONE_5000
Change Component Footprint: Designator=U2 Old Footprint=SON50P300X300X80-11N New Footprint=SOP65P490X110-8N
Change Component Comment : Designator=C3 Old Comment=Cap Semi New Comment=X7R
Change Component Comment : Designator=U2 Old Comment=Check availability New Comment=Op Amp Dual GP R-R I/O ±2.75V/5.5V 8-Pin MSOP T/R Check availability
Change Component Comment : Designator=D2 Old Comment=Diode New Comment=LED
Change Component Comment : Designator=C4 Old Comment=DNP New Comment=X7R
Change Component Comment : Designator=D1 Old Comment=LED New Comment=Diode
Added Component: Designator=C1(RAD-0.3)
Added Component: Designator=C2(RAD-0.3)
Added Component: Designator=C5(RAD-0.3)
Added Component: Designator=C6(1608[0603])
Added Component: Designator=J2(LINX_CONMMCX001-SMD)
Added Component: Designator=P1(4P vert)
Added Component: Designator=R2(1608[0603])
Added Component: Designator=R3(1608[0603])
Added Component: Designator=R6(1608[0603])
Added Component: Designator=R7(J1-0603)
Added Component: Designator=R8(1608[0603])
Added Component: Designator=R9(VR5)
Added Component: Designator=R10(1608[0603])
Added Component: Designator=R11(J1-0603)
Added Component: Designator=U1(VREG_LM27762DSSR)
Added Pin To Net: NetName=GND Pin=C1-1
Added Pin To Net: NetName=+3.3V Pin=C1-2
Added Pin To Net: NetName=GND Pin=C2-1
Added Pin To Net: NetName=GND Pin=C3-1
Added Pin To Net: NetName=GND Pin=C4-2
Added Pin To Net: NetName=+3.3V Pin=D1-1
Added Pin To Net: NetName=GND Pin=D2-2
Added Pin To Net: NetName=GND Pin=D2-2
Added Pin To Net: NetName=GND Pin=D2-3
Added Pin To Net: NetName=GND Pin=D2-3
Added Pin To Net: NetName=GND Pin=J2-2
Added Pin To Net: NetName=GND Pin=J2-2
Added Pin To Net: NetName=GND Pin=J2-2
Added Pin To Net: NetName=GND Pin=J2-2
Added Pin To Net: NetName=GND Pin=P1-1
Added Pin To Net: NetName=+3.3V Pin=P1-2
Added Pin To Net: NetName=GND Pin=R2-2
Added Pin To Net: NetName=GND Pin=R4-1
Added Pin To Net: NetName=GND Pin=R5-2
Added Pin To Net: NetName=+3.3V Pin=U1-3
Added Pin To Net: NetName=GND Pin=U1-4
Added Pin To Net: NetName=+2V Pin=C3-2
Added Pin To Net: NetName=+2V Pin=R1-1
Added Pin To Net: NetName=+2V Pin=R8-1
Added Pin To Net: NetName=+2V Pin=R9-2
Added Pin To Net: NetName=+2V Pin=U1-11
Added Pin To Net: NetName=+2V Pin=U2-8
Added Net: Name=+2V
Added Pin To Net: NetName=-2V Pin=C2-2
Added Pin To Net: NetName=-2V Pin=R3-1
Added Pin To Net: NetName=-2V Pin=R9-1
Added Pin To Net: NetName=-2V Pin=R10-2
Added Pin To Net: NetName=-2V Pin=U1-6
Added Pin To Net: NetName=-2V Pin=U2-4
Added Net: Name=-2V
Added Pin To Net: NetName=NetC4_1 Pin=C4-1
Added Pin To Net: NetName=NetC4_1 Pin=U1-5
Added Net: Name=NetC4_1
Added Pin To Net: NetName=NetC5_1 Pin=C5-1
Added Pin To Net: NetName=NetC5_1 Pin=U1-9
Added Net: Name=NetC5_1
Added Pin To Net: NetName=NetC5_2 Pin=C5-2
Added Pin To Net: NetName=NetC5_2 Pin=U1-10
Added Net: Name=NetC5_2
Added Pin To Net: NetName=NetC6_1 Pin=C6-1
Added Pin To Net: NetName=NetC6_1 Pin=R6-1
Added Pin To Net: NetName=NetC6_1 Pin=R7-2
Added Pin To Net: NetName=NetC6_1 Pin=U2-2
Added Net: Name=NetC6_1
Added Pin To Net: NetName=NetC6_2 Pin=C6-2
Added Pin To Net: NetName=NetC6_2 Pin=C7-2
Added Pin To Net: NetName=NetC6_2 Pin=J1-1
Added Pin To Net: NetName=NetC6_2 Pin=R6-2
Added Pin To Net: NetName=NetC6_2 Pin=R11-2
Added Pin To Net: NetName=NetC6_2 Pin=U2-1
Added Net: Name=NetC6_2
Added Pin To Net: NetName=NetD1_2 Pin=D1-2
Added Pin To Net: NetName=NetD1_2 Pin=R4-2
Added Net: Name=NetD1_2
Added Pin To Net: NetName=NetD2_1 Pin=D2-1
Added Pin To Net: NetName=NetD2_1 Pin=D2-1
Added Pin To Net: NetName=NetD2_1 Pin=R7-1
Added Net: Name=NetD2_1
Added Pin To Net: NetName=NetR8_2 Pin=R8-2
Added Pin To Net: NetName=NetR8_2 Pin=R9-3
Added Pin To Net: NetName=NetR8_2 Pin=R10-1
Added Pin To Net: NetName=NetR8_2 Pin=U2-3
Added Net: Name=NetR8_2
Added Pin To Net: NetName=NetR11_1 Pin=R11-1
Added Pin To Net: NetName=NetR11_1 Pin=U2-5
Added Net: Name=NetR11_1
Added Pin To Net: NetName=NSET Pin=R3-2
Added Pin To Net: NetName=NSET Pin=R5-1
Added Pin To Net: NetName=NSET Pin=U1-7
Added Net: Name=NSET
Added Pin To Net: NetName=PSET Pin=R1-2
Added Pin To Net: NetName=PSET Pin=R2-1
Added Pin To Net: NetName=PSET Pin=U1-2
Added Net: Name=PSET
Added Pin To Net: NetName=SCL Pin=P1-4
Added Net: Name=SCL
Added Pin To Net: NetName=SDA Pin=P1-3
Added Net: Name=SDA
Added Pin To Net: NetName=VOUT Pin=J2-1
Added Pin To Net: NetName=VOUT Pin=U2-6
Added Pin To Net: NetName=VOUT Pin=U2-7
Added Net: Name=VOUT
Added Member To Class: ClassName=Sheet1 Member=Component C1 X7R
Added Member To Class: ClassName=Sheet1 Member=Component C2 X7R
Added Member To Class: ClassName=Sheet1 Member=Component C5 X7R
Added Member To Class: ClassName=Sheet1 Member=Component C6 Cap Semi
Added Member To Class: ClassName=Sheet1 Member=Component J2 MMXC
Added Member To Class: ClassName=Sheet1 Member=Component P1 QIICK Power In
Added Member To Class: ClassName=Sheet1 Member=Component R2 Res3
Added Member To Class: ClassName=Sheet1 Member=Component R3 Res3
Added Member To Class: ClassName=Sheet1 Member=Component R6 Res3
Added Member To Class: ClassName=Sheet1 Member=Component R7 Res3
Added Member To Class: ClassName=Sheet1 Member=Component R8 Res3
Added Member To Class: ClassName=Sheet1 Member=Component R9 RPot
Added Member To Class: ClassName=Sheet1 Member=Component R10 Res3
Added Member To Class: ClassName=Sheet1 Member=Component R11 Res3
Added Member To Class: ClassName=Sheet1 Member=Component U1 Low-Noise Positive- and Negative-Output Charge Pump With Integrated LDO 12-WSON -40 to 85
