Importer Log Report
Project : 17- 0010 ESP32-S3 Control IO.PrjPcb

Section : Import Document - G:\My Drive\PCBs\SAGE\17- 0010 ESP32-S3 Control IO\import\BUK98150-55A.lia
    Section : PCB Library - BUK98150-55A.PcbLib
        Section : Load Messages
            Warning - 1 : Skipping Token poly On Line 442
            Warning - 1 : Skipping Token poly On Line 458
            Warning - 1 : Skipping Token poly On Line 836
            Warning - 1 : Skipping Token poly On Line 852
            Warning - 1 : Skipping Token poly On Line 1230
            Warning - 1 : Skipping Token poly On Line 1246
            Warning - 1 : Skipping Token TRANS_N-MOSFET_1 On Line 1527
            Warning - 1 : Skipping Token attachedSymbol On Line 1628
        EndSection
    EndSection

    Section : SCH Library - BUK98150-55A.SchLib
        Section : Parsing Messages
            Warning - 1 : Skipping Token padStyleDef On Line 10
            Warning - 1 : Skipping Token padStyleDef On Line 20
            Warning - 1 : Skipping Token padStyleDef On Line 30
            Warning - 1 : Skipping Token padStyleDef On Line 40
            Warning - 1 : Skipping Token padStyleDef On Line 50
            Warning - 1 : Skipping Token padStyleDef On Line 60
            Warning - 1 : Skipping Token multiLayer On Line 350
            Warning - 1 : Skipping Token layerContents On Line 357
            Warning - 1 : Skipping Token layerContents On Line 360
            Warning - 1 : Skipping Token layerContents On Line 363
            Warning - 1 : Skipping Token layerContents On Line 366
            Warning - 1 : Skipping Token layerContents On Line 369
            Warning - 1 : Skipping Token layerContents On Line 372
            Warning - 1 : Skipping Token layerContents On Line 375
            Warning - 1 : Skipping Token layerContents On Line 378
            Warning - 1 : Skipping Token layerContents On Line 381
            Warning - 1 : Skipping Token layerContents On Line 384
            Warning - 1 : Skipping Token layerContents On Line 387
            Warning - 1 : Skipping Token layerContents On Line 390
            Warning - 1 : Skipping Token layerContents On Line 393
            Warning - 1 : Skipping Token layerContents On Line 396
            Warning - 1 : Skipping Token layerContents On Line 399
            Warning - 1 : Skipping Token layerContents On Line 402
            Warning - 1 : Skipping Token layerContents On Line 405
            Warning - 1 : Skipping Token layerContents On Line 408
            Warning - 1 : Skipping Token layerContents On Line 411
            Warning - 1 : Skipping Token layerContents On Line 414
            Warning - 1 : Skipping Token layerContents On Line 417
            Warning - 1 : Skipping Token layerContents On Line 420
            Warning - 1 : Skipping Token layerContents On Line 423
            Warning - 1 : Skipping Token layerContents On Line 426
            Warning - 1 : Skipping Token layerContents On Line 429
            Warning - 1 : Skipping Token layerContents On Line 432
            Warning - 1 : Skipping Token layerContents On Line 435
            Warning - 1 : Skipping Token layerContents On Line 438
            Warning - 1 : Skipping Token layerContents On Line 441
            Warning - 1 : Skipping Token layerContents On Line 457
            Warning - 1 : Skipping Token layerContents On Line 465
            Warning - 1 : Skipping Token layerContents On Line 468
            Warning - 1 : Skipping Token layerContents On Line 471
            Warning - 1 : Skipping Token layerContents On Line 474
            Warning - 1 : Skipping Token layerContents On Line 477
            Warning - 1 : Skipping Token layerContents On Line 480
            Warning - 1 : Skipping Token layerContents On Line 483
            Warning - 1 : Skipping Token layerContents On Line 486
            Warning - 1 : Skipping Token layerContents On Line 489
            Warning - 1 : Skipping Token layerContents On Line 492
            Warning - 1 : Skipping Token layerContents On Line 495
            Warning - 1 : Skipping Token layerContents On Line 498
            Warning - 1 : Skipping Token layerContents On Line 501
            Warning - 1 : Skipping Token layerContents On Line 504
            Warning - 1 : Skipping Token layerContents On Line 507
            Warning - 1 : Skipping Token layerContents On Line 510
            Warning - 1 : Skipping Token layerContents On Line 513
            Warning - 1 : Skipping Token layerContents On Line 516
            Warning - 1 : Skipping Token layerContents On Line 519
            Warning - 1 : Skipping Token layerContents On Line 522
            Warning - 1 : Skipping Token layerContents On Line 525
            Warning - 1 : Skipping Token layerContents On Line 528
            Warning - 1 : Skipping Token layerContents On Line 531
            Warning - 1 : Skipping Token layerContents On Line 534
            Warning - 1 : Skipping Token layerContents On Line 537
            Warning - 1 : Skipping Token layerContents On Line 540
            Warning - 1 : Skipping Token layerContents On Line 543
            Warning - 1 : Skipping Token layerContents On Line 546
            Warning - 1 : Skipping Token layerContents On Line 549
            Warning - 1 : Skipping Token layerContents On Line 552
            Warning - 1 : Skipping Token layerContents On Line 555
            Warning - 1 : Skipping Token layerContents On Line 558
            Warning - 1 : Skipping Token layerContents On Line 561
            Warning - 1 : Skipping Token layerContents On Line 564
            Warning - 1 : Skipping Token layerContents On Line 567
            Warning - 1 : Skipping Token layerContents On Line 570
            Warning - 1 : Skipping Token layerContents On Line 573
            Warning - 1 : Skipping Token layerContents On Line 576
            Warning - 1 : Skipping Token layerContents On Line 579
            Warning - 1 : Skipping Token layerContents On Line 582
            Warning - 1 : Skipping Token layerContents On Line 585
            Warning - 1 : Skipping Token layerContents On Line 588
            Warning - 1 : Skipping Token layerContents On Line 591
            Warning - 1 : Skipping Token layerContents On Line 594
            Warning - 1 : Skipping Token layerContents On Line 597
            Warning - 1 : Skipping Token layerContents On Line 600
            Warning - 1 : Skipping Token layerContents On Line 603
            Warning - 1 : Skipping Token layerContents On Line 606
            Warning - 1 : Skipping Token layerContents On Line 609
            Warning - 1 : Skipping Token layerContents On Line 612
            Warning - 1 : Skipping Token layerContents On Line 615
            Warning - 1 : Skipping Token layerContents On Line 618
            Warning - 1 : Skipping Token layerContents On Line 621
            Warning - 1 : Skipping Token layerContents On Line 624
            Warning - 1 : Skipping Token layerContents On Line 627
            Warning - 1 : Skipping Token layerContents On Line 630
            Warning - 1 : Skipping Token layerContents On Line 633
            Warning - 1 : Skipping Token layerContents On Line 636
            Warning - 1 : Skipping Token layerContents On Line 639
            Warning - 1 : Skipping Token layerContents On Line 642
            Warning - 1 : Skipping Token layerContents On Line 645
            Warning - 1 : Skipping Token layerContents On Line 648
            Warning - 1 : Skipping Token layerContents On Line 651
            Warning - 1 : Skipping Token layerContents On Line 654
            Warning - 1 : Skipping Token layerContents On Line 657
            Warning - 1 : Skipping Token layerContents On Line 660
            Warning - 1 : Skipping Token layerContents On Line 663
            Warning - 1 : Skipping Token layerContents On Line 666
            Warning - 1 : Skipping Token layerContents On Line 669
            Warning - 1 : Skipping Token layerContents On Line 672
            Warning - 1 : Skipping Token layerContents On Line 675
            Warning - 1 : Skipping Token layerContents On Line 678
            Warning - 1 : Skipping Token layerContents On Line 681
            Warning - 1 : Skipping Token layerContents On Line 684
            Warning - 1 : Skipping Token layerContents On Line 687
            Warning - 1 : Skipping Token layerContents On Line 690
            Warning - 1 : Skipping Token layerContents On Line 693
            Warning - 1 : Skipping Token layerContents On Line 696
            Warning - 1 : Skipping Token layerContents On Line 699
            Warning - 1 : Skipping Token layerContents On Line 702
            Warning - 1 : Skipping Token layerContents On Line 705
            Warning - 1 : Skipping Token layerContents On Line 708
            Warning - 1 : Skipping Token layerContents On Line 711
            Warning - 1 : Skipping Token layerContents On Line 714
            Warning - 1 : Skipping Token layerContents On Line 717
            Warning - 1 : Skipping Token layerContents On Line 720
            Warning - 1 : Skipping Token layerContents On Line 723
            Warning - 1 : Skipping Token layerContents On Line 726
            Warning - 1 : Skipping Token layerContents On Line 729
            Warning - 1 : Skipping Token layerContents On Line 732
            Warning - 1 : Skipping Token layerContents On Line 735
            Warning - 1 : Skipping Token multiLayer On Line 744
            Warning - 1 : Skipping Token layerContents On Line 751
            Warning - 1 : Skipping Token layerContents On Line 754
            Warning - 1 : Skipping Token layerContents On Line 757
            Warning - 1 : Skipping Token layerContents On Line 760
            Warning - 1 : Skipping Token layerContents On Line 763
            Warning - 1 : Skipping Token layerContents On Line 766
            Warning - 1 : Skipping Token layerContents On Line 769
            Warning - 1 : Skipping Token layerContents On Line 772
            Warning - 1 : Skipping Token layerContents On Line 775
            Warning - 1 : Skipping Token layerContents On Line 778
            Warning - 1 : Skipping Token layerContents On Line 781
            Warning - 1 : Skipping Token layerContents On Line 784
            Warning - 1 : Skipping Token layerContents On Line 787
            Warning - 1 : Skipping Token layerContents On Line 790
            Warning - 1 : Skipping Token layerContents On Line 793
            Warning - 1 : Skipping Token layerContents On Line 796
            Warning - 1 : Skipping Token layerContents On Line 799
            Warning - 1 : Skipping Token layerContents On Line 802
            Warning - 1 : Skipping Token layerContents On Line 805
            Warning - 1 : Skipping Token layerContents On Line 808
            Warning - 1 : Skipping Token layerContents On Line 811
            Warning - 1 : Skipping Token layerContents On Line 814
            Warning - 1 : Skipping Token layerContents On Line 817
            Warning - 1 : Skipping Token layerContents On Line 820
            Warning - 1 : Skipping Token layerContents On Line 823
            Warning - 1 : Skipping Token layerContents On Line 826
            Warning - 1 : Skipping Token layerContents On Line 829
            Warning - 1 : Skipping Token layerContents On Line 832
            Warning - 1 : Skipping Token layerContents On Line 835
            Warning - 1 : Skipping Token layerContents On Line 851
            Warning - 1 : Skipping Token layerContents On Line 859
            Warning - 1 : Skipping Token layerContents On Line 862
            Warning - 1 : Skipping Token layerContents On Line 865
            Warning - 1 : Skipping Token layerContents On Line 868
            Warning - 1 : Skipping Token layerContents On Line 871
            Warning - 1 : Skipping Token layerContents On Line 874
            Warning - 1 : Skipping Token layerContents On Line 877
            Warning - 1 : Skipping Token layerContents On Line 880
            Warning - 1 : Skipping Token layerContents On Line 883
            Warning - 1 : Skipping Token layerContents On Line 886
            Warning - 1 : Skipping Token layerContents On Line 889
            Warning - 1 : Skipping Token layerContents On Line 892
            Warning - 1 : Skipping Token layerContents On Line 895
            Warning - 1 : Skipping Token layerContents On Line 898
            Warning - 1 : Skipping Token layerContents On Line 901
            Warning - 1 : Skipping Token layerContents On Line 904
            Warning - 1 : Skipping Token layerContents On Line 907
            Warning - 1 : Skipping Token layerContents On Line 910
            Warning - 1 : Skipping Token layerContents On Line 913
            Warning - 1 : Skipping Token layerContents On Line 916
            Warning - 1 : Skipping Token layerContents On Line 919
            Warning - 1 : Skipping Token layerContents On Line 922
            Warning - 1 : Skipping Token layerContents On Line 925
            Warning - 1 : Skipping Token layerContents On Line 928
            Warning - 1 : Skipping Token layerContents On Line 931
            Warning - 1 : Skipping Token layerContents On Line 934
            Warning - 1 : Skipping Token layerContents On Line 937
            Warning - 1 : Skipping Token layerContents On Line 940
            Warning - 1 : Skipping Token layerContents On Line 943
            Warning - 1 : Skipping Token layerContents On Line 946
            Warning - 1 : Skipping Token layerContents On Line 949
            Warning - 1 : Skipping Token layerContents On Line 952
            Warning - 1 : Skipping Token layerContents On Line 955
            Warning - 1 : Skipping Token layerContents On Line 958
            Warning - 1 : Skipping Token layerContents On Line 961
            Warning - 1 : Skipping Token layerContents On Line 964
            Warning - 1 : Skipping Token layerContents On Line 967
            Warning - 1 : Skipping Token layerContents On Line 970
            Warning - 1 : Skipping Token layerContents On Line 973
            Warning - 1 : Skipping Token layerContents On Line 976
            Warning - 1 : Skipping Token layerContents On Line 979
            Warning - 1 : Skipping Token layerContents On Line 982
            Warning - 1 : Skipping Token layerContents On Line 985
            Warning - 1 : Skipping Token layerContents On Line 988
            Warning - 1 : Skipping Token layerContents On Line 991
            Warning - 1 : Skipping Token layerContents On Line 994
            Warning - 1 : Skipping Token layerContents On Line 997
            Warning - 1 : Skipping Token layerContents On Line 1000
            Warning - 1 : Skipping Token layerContents On Line 1003
            Warning - 1 : Skipping Token layerContents On Line 1006
            Warning - 1 : Skipping Token layerContents On Line 1009
            Warning - 1 : Skipping Token layerContents On Line 1012
            Warning - 1 : Skipping Token layerContents On Line 1015
            Warning - 1 : Skipping Token layerContents On Line 1018
            Warning - 1 : Skipping Token layerContents On Line 1021
            Warning - 1 : Skipping Token layerContents On Line 1024
            Warning - 1 : Skipping Token layerContents On Line 1027
            Warning - 1 : Skipping Token layerContents On Line 1030
            Warning - 1 : Skipping Token layerContents On Line 1033
            Warning - 1 : Skipping Token layerContents On Line 1036
            Warning - 1 : Skipping Token layerContents On Line 1039
            Warning - 1 : Skipping Token layerContents On Line 1042
            Warning - 1 : Skipping Token layerContents On Line 1045
            Warning - 1 : Skipping Token layerContents On Line 1048
            Warning - 1 : Skipping Token layerContents On Line 1051
            Warning - 1 : Skipping Token layerContents On Line 1054
            Warning - 1 : Skipping Token layerContents On Line 1057
            Warning - 1 : Skipping Token layerContents On Line 1060
            Warning - 1 : Skipping Token layerContents On Line 1063
            Warning - 1 : Skipping Token layerContents On Line 1066
            Warning - 1 : Skipping Token layerContents On Line 1069
            Warning - 1 : Skipping Token layerContents On Line 1072
            Warning - 1 : Skipping Token layerContents On Line 1075
            Warning - 1 : Skipping Token layerContents On Line 1078
            Warning - 1 : Skipping Token layerContents On Line 1081
            Warning - 1 : Skipping Token layerContents On Line 1084
            Warning - 1 : Skipping Token layerContents On Line 1087
            Warning - 1 : Skipping Token layerContents On Line 1090
            Warning - 1 : Skipping Token layerContents On Line 1093
            Warning - 1 : Skipping Token layerContents On Line 1096
            Warning - 1 : Skipping Token layerContents On Line 1099
            Warning - 1 : Skipping Token layerContents On Line 1102
            Warning - 1 : Skipping Token layerContents On Line 1105
            Warning - 1 : Skipping Token layerContents On Line 1108
            Warning - 1 : Skipping Token layerContents On Line 1111
            Warning - 1 : Skipping Token layerContents On Line 1114
            Warning - 1 : Skipping Token layerContents On Line 1117
            Warning - 1 : Skipping Token layerContents On Line 1120
            Warning - 1 : Skipping Token layerContents On Line 1123
            Warning - 1 : Skipping Token layerContents On Line 1126
            Warning - 1 : Skipping Token layerContents On Line 1129
            Warning - 1 : Skipping Token multiLayer On Line 1138
            Warning - 1 : Skipping Token layerContents On Line 1145
            Warning - 1 : Skipping Token layerContents On Line 1148
            Warning - 1 : Skipping Token layerContents On Line 1151
            Warning - 1 : Skipping Token layerContents On Line 1154
            Warning - 1 : Skipping Token layerContents On Line 1157
            Warning - 1 : Skipping Token layerContents On Line 1160
            Warning - 1 : Skipping Token layerContents On Line 1163
            Warning - 1 : Skipping Token layerContents On Line 1166
            Warning - 1 : Skipping Token layerContents On Line 1169
            Warning - 1 : Skipping Token layerContents On Line 1172
            Warning - 1 : Skipping Token layerContents On Line 1175
            Warning - 1 : Skipping Token layerContents On Line 1178
            Warning - 1 : Skipping Token layerContents On Line 1181
            Warning - 1 : Skipping Token layerContents On Line 1184
            Warning - 1 : Skipping Token layerContents On Line 1187
            Warning - 1 : Skipping Token layerContents On Line 1190
            Warning - 1 : Skipping Token layerContents On Line 1193
            Warning - 1 : Skipping Token layerContents On Line 1196
            Warning - 1 : Skipping Token layerContents On Line 1199
            Warning - 1 : Skipping Token layerContents On Line 1202
            Warning - 1 : Skipping Token layerContents On Line 1205
            Warning - 1 : Skipping Token layerContents On Line 1208
            Warning - 1 : Skipping Token layerContents On Line 1211
            Warning - 1 : Skipping Token layerContents On Line 1214
            Warning - 1 : Skipping Token layerContents On Line 1217
            Warning - 1 : Skipping Token layerContents On Line 1220
            Warning - 1 : Skipping Token layerContents On Line 1223
            Warning - 1 : Skipping Token layerContents On Line 1226
            Warning - 1 : Skipping Token layerContents On Line 1229
            Warning - 1 : Skipping Token layerContents On Line 1245
            Warning - 1 : Skipping Token layerContents On Line 1253
            Warning - 1 : Skipping Token layerContents On Line 1256
            Warning - 1 : Skipping Token layerContents On Line 1259
            Warning - 1 : Skipping Token layerContents On Line 1262
            Warning - 1 : Skipping Token layerContents On Line 1265
            Warning - 1 : Skipping Token layerContents On Line 1268
            Warning - 1 : Skipping Token layerContents On Line 1271
            Warning - 1 : Skipping Token layerContents On Line 1274
            Warning - 1 : Skipping Token layerContents On Line 1277
            Warning - 1 : Skipping Token layerContents On Line 1280
            Warning - 1 : Skipping Token layerContents On Line 1283
            Warning - 1 : Skipping Token layerContents On Line 1286
            Warning - 1 : Skipping Token layerContents On Line 1289
            Warning - 1 : Skipping Token layerContents On Line 1292
            Warning - 1 : Skipping Token layerContents On Line 1295
            Warning - 1 : Skipping Token layerContents On Line 1298
            Warning - 1 : Skipping Token layerContents On Line 1301
            Warning - 1 : Skipping Token layerContents On Line 1304
            Warning - 1 : Skipping Token layerContents On Line 1307
            Warning - 1 : Skipping Token layerContents On Line 1310
            Warning - 1 : Skipping Token layerContents On Line 1313
            Warning - 1 : Skipping Token layerContents On Line 1316
            Warning - 1 : Skipping Token layerContents On Line 1319
            Warning - 1 : Skipping Token layerContents On Line 1322
            Warning - 1 : Skipping Token layerContents On Line 1325
            Warning - 1 : Skipping Token layerContents On Line 1328
            Warning - 1 : Skipping Token layerContents On Line 1331
            Warning - 1 : Skipping Token layerContents On Line 1334
            Warning - 1 : Skipping Token layerContents On Line 1337
            Warning - 1 : Skipping Token layerContents On Line 1340
            Warning - 1 : Skipping Token layerContents On Line 1343
            Warning - 1 : Skipping Token layerContents On Line 1346
            Warning - 1 : Skipping Token layerContents On Line 1349
            Warning - 1 : Skipping Token layerContents On Line 1352
            Warning - 1 : Skipping Token layerContents On Line 1355
            Warning - 1 : Skipping Token layerContents On Line 1358
            Warning - 1 : Skipping Token layerContents On Line 1361
            Warning - 1 : Skipping Token layerContents On Line 1364
            Warning - 1 : Skipping Token layerContents On Line 1367
            Warning - 1 : Skipping Token layerContents On Line 1370
            Warning - 1 : Skipping Token layerContents On Line 1373
            Warning - 1 : Skipping Token layerContents On Line 1376
            Warning - 1 : Skipping Token layerContents On Line 1379
            Warning - 1 : Skipping Token layerContents On Line 1382
            Warning - 1 : Skipping Token layerContents On Line 1385
            Warning - 1 : Skipping Token layerContents On Line 1388
            Warning - 1 : Skipping Token layerContents On Line 1391
            Warning - 1 : Skipping Token layerContents On Line 1394
            Warning - 1 : Skipping Token layerContents On Line 1397
            Warning - 1 : Skipping Token layerContents On Line 1400
            Warning - 1 : Skipping Token layerContents On Line 1403
            Warning - 1 : Skipping Token layerContents On Line 1406
            Warning - 1 : Skipping Token layerContents On Line 1409
            Warning - 1 : Skipping Token layerContents On Line 1412
            Warning - 1 : Skipping Token layerContents On Line 1415
            Warning - 1 : Skipping Token layerContents On Line 1418
            Warning - 1 : Skipping Token layerContents On Line 1421
            Warning - 1 : Skipping Token layerContents On Line 1424
            Warning - 1 : Skipping Token layerContents On Line 1427
            Warning - 1 : Skipping Token layerContents On Line 1430
            Warning - 1 : Skipping Token layerContents On Line 1433
            Warning - 1 : Skipping Token layerContents On Line 1436
            Warning - 1 : Skipping Token layerContents On Line 1439
            Warning - 1 : Skipping Token layerContents On Line 1442
            Warning - 1 : Skipping Token layerContents On Line 1445
            Warning - 1 : Skipping Token layerContents On Line 1448
            Warning - 1 : Skipping Token layerContents On Line 1451
            Warning - 1 : Skipping Token layerContents On Line 1454
            Warning - 1 : Skipping Token layerContents On Line 1457
            Warning - 1 : Skipping Token layerContents On Line 1460
            Warning - 1 : Skipping Token layerContents On Line 1463
            Warning - 1 : Skipping Token layerContents On Line 1466
            Warning - 1 : Skipping Token layerContents On Line 1469
            Warning - 1 : Skipping Token layerContents On Line 1472
            Warning - 1 : Skipping Token layerContents On Line 1475
            Warning - 1 : Skipping Token layerContents On Line 1478
            Warning - 1 : Skipping Token layerContents On Line 1481
            Warning - 1 : Skipping Token layerContents On Line 1484
            Warning - 1 : Skipping Token layerContents On Line 1487
            Warning - 1 : Skipping Token layerContents On Line 1490
            Warning - 1 : Skipping Token layerContents On Line 1493
            Warning - 1 : Skipping Token layerContents On Line 1496
            Warning - 1 : Skipping Token layerContents On Line 1499
            Warning - 1 : Skipping Token layerContents On Line 1502
            Warning - 1 : Skipping Token layerContents On Line 1505
            Warning - 1 : Skipping Token layerContents On Line 1508
            Warning - 1 : Skipping Token layerContents On Line 1511
            Warning - 1 : Skipping Token layerContents On Line 1514
            Warning - 1 : Skipping Token layerContents On Line 1517
            Warning - 1 : Skipping Token layerContents On Line 1520
            Warning - 1 : Skipping Token layerContents On Line 1523
            Warning - 1 : Skipping Token defaultPinDes On Line 1535
            Warning - 1 : Skipping Token defaultPinDes On Line 1543
            Warning - 1 : Skipping Token defaultPinDes On Line 1551
            Warning - 1 : Skipping Token defaultPinDes On Line 1559
        EndSection
    EndSection
EndSection
