Importer Log Report
Project : 17- 0010 ESP32-S3 Control IO.PrjPcb

Section : Import Document - G:\My Drive\PCBs\SAGE\17- 0010 ESP32-S3 Control IO\import\MPRLS0300.lia
    Section : PCB Library - MPRLS0300.PcbLib
        Section : Load Messages
            Warning - 1 : Skipping Token poly On Line 325
            Warning - 1 : Skipping Token poly On Line 369
            Warning - 1 : Skipping Token poly On Line 393
            Warning - 1 : Skipping Token poly On Line 839
            Warning - 1 : Skipping Token poly On Line 883
            Warning - 1 : Skipping Token poly On Line 907
            Warning - 1 : Skipping Token poly On Line 1353
            Warning - 1 : Skipping Token poly On Line 1418
            Warning - 1 : Skipping Token poly On Line 1442
            Warning - 1 : Skipping Token MPRLS0300YG00001 On Line 1870
            Warning - 1 : Skipping Token attachedSymbol On Line 1997
        EndSection
    EndSection

    Section : SCH Library - MPRLS0300.SchLib
        Section : Parsing Messages
            Warning - 1 : Skipping Token padStyleDef On Line 10
            Warning - 1 : Skipping Token padStyleDef On Line 20
            Warning - 1 : Skipping Token padStyleDef On Line 30
            Warning - 1 : Skipping Token multiLayer On Line 309
            Warning - 1 : Skipping Token layerContents On Line 324
            Warning - 1 : Skipping Token layerContents On Line 332
            Warning - 1 : Skipping Token layerContents On Line 335
            Warning - 1 : Skipping Token layerContents On Line 338
            Warning - 1 : Skipping Token layerContents On Line 341
            Warning - 1 : Skipping Token layerContents On Line 344
            Warning - 1 : Skipping Token layerContents On Line 347
            Warning - 1 : Skipping Token layerContents On Line 350
            Warning - 1 : Skipping Token layerContents On Line 353
            Warning - 1 : Skipping Token layerContents On Line 356
            Warning - 1 : Skipping Token layerContents On Line 359
            Warning - 1 : Skipping Token layerContents On Line 362
            Warning - 1 : Skipping Token layerContents On Line 365
            Warning - 1 : Skipping Token layerContents On Line 368
            Warning - 1 : Skipping Token layerContents On Line 392
            Warning - 1 : Skipping Token layerContents On Line 400
            Warning - 1 : Skipping Token layerContents On Line 403
            Warning - 1 : Skipping Token layerContents On Line 406
            Warning - 1 : Skipping Token layerContents On Line 409
            Warning - 1 : Skipping Token layerContents On Line 412
            Warning - 1 : Skipping Token layerContents On Line 415
            Warning - 1 : Skipping Token layerContents On Line 418
            Warning - 1 : Skipping Token layerContents On Line 421
            Warning - 1 : Skipping Token layerContents On Line 424
            Warning - 1 : Skipping Token layerContents On Line 427
            Warning - 1 : Skipping Token layerContents On Line 430
            Warning - 1 : Skipping Token layerContents On Line 433
            Warning - 1 : Skipping Token layerContents On Line 436
            Warning - 1 : Skipping Token layerContents On Line 439
            Warning - 1 : Skipping Token layerContents On Line 442
            Warning - 1 : Skipping Token layerContents On Line 445
            Warning - 1 : Skipping Token layerContents On Line 448
            Warning - 1 : Skipping Token layerContents On Line 451
            Warning - 1 : Skipping Token layerContents On Line 454
            Warning - 1 : Skipping Token layerContents On Line 457
            Warning - 1 : Skipping Token layerContents On Line 460
            Warning - 1 : Skipping Token layerContents On Line 463
            Warning - 1 : Skipping Token layerContents On Line 466
            Warning - 1 : Skipping Token layerContents On Line 469
            Warning - 1 : Skipping Token layerContents On Line 472
            Warning - 1 : Skipping Token layerContents On Line 475
            Warning - 1 : Skipping Token layerContents On Line 478
            Warning - 1 : Skipping Token layerContents On Line 481
            Warning - 1 : Skipping Token layerContents On Line 484
            Warning - 1 : Skipping Token layerContents On Line 487
            Warning - 1 : Skipping Token layerContents On Line 490
            Warning - 1 : Skipping Token layerContents On Line 493
            Warning - 1 : Skipping Token layerContents On Line 496
            Warning - 1 : Skipping Token layerContents On Line 499
            Warning - 1 : Skipping Token layerContents On Line 502
            Warning - 1 : Skipping Token layerContents On Line 505
            Warning - 1 : Skipping Token layerContents On Line 508
            Warning - 1 : Skipping Token layerContents On Line 511
            Warning - 1 : Skipping Token layerContents On Line 514
            Warning - 1 : Skipping Token layerContents On Line 517
            Warning - 1 : Skipping Token layerContents On Line 520
            Warning - 1 : Skipping Token layerContents On Line 523
            Warning - 1 : Skipping Token layerContents On Line 526
            Warning - 1 : Skipping Token layerContents On Line 529
            Warning - 1 : Skipping Token layerContents On Line 532
            Warning - 1 : Skipping Token layerContents On Line 535
            Warning - 1 : Skipping Token layerContents On Line 538
            Warning - 1 : Skipping Token layerContents On Line 541
            Warning - 1 : Skipping Token layerContents On Line 544
            Warning - 1 : Skipping Token layerContents On Line 547
            Warning - 1 : Skipping Token layerContents On Line 550
            Warning - 1 : Skipping Token layerContents On Line 553
            Warning - 1 : Skipping Token layerContents On Line 556
            Warning - 1 : Skipping Token layerContents On Line 559
            Warning - 1 : Skipping Token layerContents On Line 562
            Warning - 1 : Skipping Token layerContents On Line 565
            Warning - 1 : Skipping Token layerContents On Line 568
            Warning - 1 : Skipping Token layerContents On Line 571
            Warning - 1 : Skipping Token layerContents On Line 574
            Warning - 1 : Skipping Token layerContents On Line 577
            Warning - 1 : Skipping Token layerContents On Line 580
            Warning - 1 : Skipping Token layerContents On Line 583
            Warning - 1 : Skipping Token layerContents On Line 586
            Warning - 1 : Skipping Token layerContents On Line 589
            Warning - 1 : Skipping Token layerContents On Line 592
            Warning - 1 : Skipping Token layerContents On Line 595
            Warning - 1 : Skipping Token layerContents On Line 598
            Warning - 1 : Skipping Token layerContents On Line 601
            Warning - 1 : Skipping Token layerContents On Line 604
            Warning - 1 : Skipping Token layerContents On Line 607
            Warning - 1 : Skipping Token layerContents On Line 610
            Warning - 1 : Skipping Token layerContents On Line 613
            Warning - 1 : Skipping Token layerContents On Line 616
            Warning - 1 : Skipping Token layerContents On Line 619
            Warning - 1 : Skipping Token layerContents On Line 622
            Warning - 1 : Skipping Token layerContents On Line 625
            Warning - 1 : Skipping Token layerContents On Line 628
            Warning - 1 : Skipping Token layerContents On Line 631
            Warning - 1 : Skipping Token layerContents On Line 634
            Warning - 1 : Skipping Token layerContents On Line 637
            Warning - 1 : Skipping Token layerContents On Line 640
            Warning - 1 : Skipping Token layerContents On Line 643
            Warning - 1 : Skipping Token layerContents On Line 646
            Warning - 1 : Skipping Token layerContents On Line 649
            Warning - 1 : Skipping Token layerContents On Line 652
            Warning - 1 : Skipping Token layerContents On Line 655
            Warning - 1 : Skipping Token layerContents On Line 658
            Warning - 1 : Skipping Token layerContents On Line 661
            Warning - 1 : Skipping Token layerContents On Line 664
            Warning - 1 : Skipping Token layerContents On Line 667
            Warning - 1 : Skipping Token layerContents On Line 670
            Warning - 1 : Skipping Token layerContents On Line 673
            Warning - 1 : Skipping Token layerContents On Line 676
            Warning - 1 : Skipping Token layerContents On Line 679
            Warning - 1 : Skipping Token layerContents On Line 682
            Warning - 1 : Skipping Token layerContents On Line 685
            Warning - 1 : Skipping Token layerContents On Line 688
            Warning - 1 : Skipping Token layerContents On Line 691
            Warning - 1 : Skipping Token layerContents On Line 694
            Warning - 1 : Skipping Token layerContents On Line 697
            Warning - 1 : Skipping Token layerContents On Line 700
            Warning - 1 : Skipping Token layerContents On Line 703
            Warning - 1 : Skipping Token layerContents On Line 706
            Warning - 1 : Skipping Token layerContents On Line 709
            Warning - 1 : Skipping Token layerContents On Line 712
            Warning - 1 : Skipping Token layerContents On Line 715
            Warning - 1 : Skipping Token layerContents On Line 718
            Warning - 1 : Skipping Token layerContents On Line 721
            Warning - 1 : Skipping Token layerContents On Line 724
            Warning - 1 : Skipping Token layerContents On Line 727
            Warning - 1 : Skipping Token layerContents On Line 730
            Warning - 1 : Skipping Token layerContents On Line 733
            Warning - 1 : Skipping Token layerContents On Line 736
            Warning - 1 : Skipping Token layerContents On Line 739
            Warning - 1 : Skipping Token layerContents On Line 742
            Warning - 1 : Skipping Token layerContents On Line 745
            Warning - 1 : Skipping Token layerContents On Line 748
            Warning - 1 : Skipping Token layerContents On Line 751
            Warning - 1 : Skipping Token layerContents On Line 754
            Warning - 1 : Skipping Token layerContents On Line 757
            Warning - 1 : Skipping Token layerContents On Line 760
            Warning - 1 : Skipping Token layerContents On Line 763
            Warning - 1 : Skipping Token layerContents On Line 766
            Warning - 1 : Skipping Token layerContents On Line 769
            Warning - 1 : Skipping Token layerContents On Line 772
            Warning - 1 : Skipping Token layerContents On Line 775
            Warning - 1 : Skipping Token layerContents On Line 778
            Warning - 1 : Skipping Token layerContents On Line 781
            Warning - 1 : Skipping Token layerContents On Line 784
            Warning - 1 : Skipping Token layerContents On Line 787
            Warning - 1 : Skipping Token layerContents On Line 790
            Warning - 1 : Skipping Token layerContents On Line 793
            Warning - 1 : Skipping Token layerContents On Line 796
            Warning - 1 : Skipping Token layerContents On Line 799
            Warning - 1 : Skipping Token layerContents On Line 802
            Warning - 1 : Skipping Token layerContents On Line 805
            Warning - 1 : Skipping Token layerContents On Line 808
            Warning - 1 : Skipping Token layerContents On Line 811
            Warning - 1 : Skipping Token layerContents On Line 814
            Warning - 1 : Skipping Token multiLayer On Line 823
            Warning - 1 : Skipping Token layerContents On Line 838
            Warning - 1 : Skipping Token layerContents On Line 846
            Warning - 1 : Skipping Token layerContents On Line 849
            Warning - 1 : Skipping Token layerContents On Line 852
            Warning - 1 : Skipping Token layerContents On Line 855
            Warning - 1 : Skipping Token layerContents On Line 858
            Warning - 1 : Skipping Token layerContents On Line 861
            Warning - 1 : Skipping Token layerContents On Line 864
            Warning - 1 : Skipping Token layerContents On Line 867
            Warning - 1 : Skipping Token layerContents On Line 870
            Warning - 1 : Skipping Token layerContents On Line 873
            Warning - 1 : Skipping Token layerContents On Line 876
            Warning - 1 : Skipping Token layerContents On Line 879
            Warning - 1 : Skipping Token layerContents On Line 882
            Warning - 1 : Skipping Token layerContents On Line 906
            Warning - 1 : Skipping Token layerContents On Line 914
            Warning - 1 : Skipping Token layerContents On Line 917
            Warning - 1 : Skipping Token layerContents On Line 920
            Warning - 1 : Skipping Token layerContents On Line 923
            Warning - 1 : Skipping Token layerContents On Line 926
            Warning - 1 : Skipping Token layerContents On Line 929
            Warning - 1 : Skipping Token layerContents On Line 932
            Warning - 1 : Skipping Token layerContents On Line 935
            Warning - 1 : Skipping Token layerContents On Line 938
            Warning - 1 : Skipping Token layerContents On Line 941
            Warning - 1 : Skipping Token layerContents On Line 944
            Warning - 1 : Skipping Token layerContents On Line 947
            Warning - 1 : Skipping Token layerContents On Line 950
            Warning - 1 : Skipping Token layerContents On Line 953
            Warning - 1 : Skipping Token layerContents On Line 956
            Warning - 1 : Skipping Token layerContents On Line 959
            Warning - 1 : Skipping Token layerContents On Line 962
            Warning - 1 : Skipping Token layerContents On Line 965
            Warning - 1 : Skipping Token layerContents On Line 968
            Warning - 1 : Skipping Token layerContents On Line 971
            Warning - 1 : Skipping Token layerContents On Line 974
            Warning - 1 : Skipping Token layerContents On Line 977
            Warning - 1 : Skipping Token layerContents On Line 980
            Warning - 1 : Skipping Token layerContents On Line 983
            Warning - 1 : Skipping Token layerContents On Line 986
            Warning - 1 : Skipping Token layerContents On Line 989
            Warning - 1 : Skipping Token layerContents On Line 992
            Warning - 1 : Skipping Token layerContents On Line 995
            Warning - 1 : Skipping Token layerContents On Line 998
            Warning - 1 : Skipping Token layerContents On Line 1001
            Warning - 1 : Skipping Token layerContents On Line 1004
            Warning - 1 : Skipping Token layerContents On Line 1007
            Warning - 1 : Skipping Token layerContents On Line 1010
            Warning - 1 : Skipping Token layerContents On Line 1013
            Warning - 1 : Skipping Token layerContents On Line 1016
            Warning - 1 : Skipping Token layerContents On Line 1019
            Warning - 1 : Skipping Token layerContents On Line 1022
            Warning - 1 : Skipping Token layerContents On Line 1025
            Warning - 1 : Skipping Token layerContents On Line 1028
            Warning - 1 : Skipping Token layerContents On Line 1031
            Warning - 1 : Skipping Token layerContents On Line 1034
            Warning - 1 : Skipping Token layerContents On Line 1037
            Warning - 1 : Skipping Token layerContents On Line 1040
            Warning - 1 : Skipping Token layerContents On Line 1043
            Warning - 1 : Skipping Token layerContents On Line 1046
            Warning - 1 : Skipping Token layerContents On Line 1049
            Warning - 1 : Skipping Token layerContents On Line 1052
            Warning - 1 : Skipping Token layerContents On Line 1055
            Warning - 1 : Skipping Token layerContents On Line 1058
            Warning - 1 : Skipping Token layerContents On Line 1061
            Warning - 1 : Skipping Token layerContents On Line 1064
            Warning - 1 : Skipping Token layerContents On Line 1067
            Warning - 1 : Skipping Token layerContents On Line 1070
            Warning - 1 : Skipping Token layerContents On Line 1073
            Warning - 1 : Skipping Token layerContents On Line 1076
            Warning - 1 : Skipping Token layerContents On Line 1079
            Warning - 1 : Skipping Token layerContents On Line 1082
            Warning - 1 : Skipping Token layerContents On Line 1085
            Warning - 1 : Skipping Token layerContents On Line 1088
            Warning - 1 : Skipping Token layerContents On Line 1091
            Warning - 1 : Skipping Token layerContents On Line 1094
            Warning - 1 : Skipping Token layerContents On Line 1097
            Warning - 1 : Skipping Token layerContents On Line 1100
            Warning - 1 : Skipping Token layerContents On Line 1103
            Warning - 1 : Skipping Token layerContents On Line 1106
            Warning - 1 : Skipping Token layerContents On Line 1109
            Warning - 1 : Skipping Token layerContents On Line 1112
            Warning - 1 : Skipping Token layerContents On Line 1115
            Warning - 1 : Skipping Token layerContents On Line 1118
            Warning - 1 : Skipping Token layerContents On Line 1121
            Warning - 1 : Skipping Token layerContents On Line 1124
            Warning - 1 : Skipping Token layerContents On Line 1127
            Warning - 1 : Skipping Token layerContents On Line 1130
            Warning - 1 : Skipping Token layerContents On Line 1133
            Warning - 1 : Skipping Token layerContents On Line 1136
            Warning - 1 : Skipping Token layerContents On Line 1139
            Warning - 1 : Skipping Token layerContents On Line 1142
            Warning - 1 : Skipping Token layerContents On Line 1145
            Warning - 1 : Skipping Token layerContents On Line 1148
            Warning - 1 : Skipping Token layerContents On Line 1151
            Warning - 1 : Skipping Token layerContents On Line 1154
            Warning - 1 : Skipping Token layerContents On Line 1157
            Warning - 1 : Skipping Token layerContents On Line 1160
            Warning - 1 : Skipping Token layerContents On Line 1163
            Warning - 1 : Skipping Token layerContents On Line 1166
            Warning - 1 : Skipping Token layerContents On Line 1169
            Warning - 1 : Skipping Token layerContents On Line 1172
            Warning - 1 : Skipping Token layerContents On Line 1175
            Warning - 1 : Skipping Token layerContents On Line 1178
            Warning - 1 : Skipping Token layerContents On Line 1181
            Warning - 1 : Skipping Token layerContents On Line 1184
            Warning - 1 : Skipping Token layerContents On Line 1187
            Warning - 1 : Skipping Token layerContents On Line 1190
            Warning - 1 : Skipping Token layerContents On Line 1193
            Warning - 1 : Skipping Token layerContents On Line 1196
            Warning - 1 : Skipping Token layerContents On Line 1199
            Warning - 1 : Skipping Token layerContents On Line 1202
            Warning - 1 : Skipping Token layerContents On Line 1205
            Warning - 1 : Skipping Token layerContents On Line 1208
            Warning - 1 : Skipping Token layerContents On Line 1211
            Warning - 1 : Skipping Token layerContents On Line 1214
            Warning - 1 : Skipping Token layerContents On Line 1217
            Warning - 1 : Skipping Token layerContents On Line 1220
            Warning - 1 : Skipping Token layerContents On Line 1223
            Warning - 1 : Skipping Token layerContents On Line 1226
            Warning - 1 : Skipping Token layerContents On Line 1229
            Warning - 1 : Skipping Token layerContents On Line 1232
            Warning - 1 : Skipping Token layerContents On Line 1235
            Warning - 1 : Skipping Token layerContents On Line 1238
            Warning - 1 : Skipping Token layerContents On Line 1241
            Warning - 1 : Skipping Token layerContents On Line 1244
            Warning - 1 : Skipping Token layerContents On Line 1247
            Warning - 1 : Skipping Token layerContents On Line 1250
            Warning - 1 : Skipping Token layerContents On Line 1253
            Warning - 1 : Skipping Token layerContents On Line 1256
            Warning - 1 : Skipping Token layerContents On Line 1259
            Warning - 1 : Skipping Token layerContents On Line 1262
            Warning - 1 : Skipping Token layerContents On Line 1265
            Warning - 1 : Skipping Token layerContents On Line 1268
            Warning - 1 : Skipping Token layerContents On Line 1271
            Warning - 1 : Skipping Token layerContents On Line 1274
            Warning - 1 : Skipping Token layerContents On Line 1277
            Warning - 1 : Skipping Token layerContents On Line 1280
            Warning - 1 : Skipping Token layerContents On Line 1283
            Warning - 1 : Skipping Token layerContents On Line 1286
            Warning - 1 : Skipping Token layerContents On Line 1289
            Warning - 1 : Skipping Token layerContents On Line 1292
            Warning - 1 : Skipping Token layerContents On Line 1295
            Warning - 1 : Skipping Token layerContents On Line 1298
            Warning - 1 : Skipping Token layerContents On Line 1301
            Warning - 1 : Skipping Token layerContents On Line 1304
            Warning - 1 : Skipping Token layerContents On Line 1307
            Warning - 1 : Skipping Token layerContents On Line 1310
            Warning - 1 : Skipping Token layerContents On Line 1313
            Warning - 1 : Skipping Token layerContents On Line 1316
            Warning - 1 : Skipping Token layerContents On Line 1319
            Warning - 1 : Skipping Token layerContents On Line 1322
            Warning - 1 : Skipping Token layerContents On Line 1325
            Warning - 1 : Skipping Token layerContents On Line 1328
            Warning - 1 : Skipping Token multiLayer On Line 1337
            Warning - 1 : Skipping Token layerContents On Line 1352
            Warning - 1 : Skipping Token layerContents On Line 1360
            Warning - 1 : Skipping Token layerContents On Line 1363
            Warning - 1 : Skipping Token layerContents On Line 1366
            Warning - 1 : Skipping Token layerContents On Line 1369
            Warning - 1 : Skipping Token layerContents On Line 1372
            Warning - 1 : Skipping Token layerContents On Line 1375
            Warning - 1 : Skipping Token layerContents On Line 1378
            Warning - 1 : Skipping Token layerContents On Line 1381
            Warning - 1 : Skipping Token layerContents On Line 1384
            Warning - 1 : Skipping Token layerContents On Line 1387
            Warning - 1 : Skipping Token layerContents On Line 1390
            Warning - 1 : Skipping Token layerContents On Line 1393
            Warning - 1 : Skipping Token layerContents On Line 1396
            Warning - 1 : Skipping Token layerContents On Line 1399
            Warning - 1 : Skipping Token layerContents On Line 1402
            Warning - 1 : Skipping Token layerContents On Line 1405
            Warning - 1 : Skipping Token layerContents On Line 1408
            Warning - 1 : Skipping Token layerContents On Line 1411
            Warning - 1 : Skipping Token layerContents On Line 1414
            Warning - 1 : Skipping Token layerContents On Line 1417
            Warning - 1 : Skipping Token layerContents On Line 1441
            Warning - 1 : Skipping Token layerContents On Line 1449
            Warning - 1 : Skipping Token layerContents On Line 1452
            Warning - 1 : Skipping Token layerContents On Line 1455
            Warning - 1 : Skipping Token layerContents On Line 1458
            Warning - 1 : Skipping Token layerContents On Line 1461
            Warning - 1 : Skipping Token layerContents On Line 1464
            Warning - 1 : Skipping Token layerContents On Line 1467
            Warning - 1 : Skipping Token layerContents On Line 1470
            Warning - 1 : Skipping Token layerContents On Line 1473
            Warning - 1 : Skipping Token layerContents On Line 1476
            Warning - 1 : Skipping Token layerContents On Line 1479
            Warning - 1 : Skipping Token layerContents On Line 1482
            Warning - 1 : Skipping Token layerContents On Line 1485
            Warning - 1 : Skipping Token layerContents On Line 1488
            Warning - 1 : Skipping Token layerContents On Line 1491
            Warning - 1 : Skipping Token layerContents On Line 1494
            Warning - 1 : Skipping Token layerContents On Line 1497
            Warning - 1 : Skipping Token layerContents On Line 1500
            Warning - 1 : Skipping Token layerContents On Line 1503
            Warning - 1 : Skipping Token layerContents On Line 1506
            Warning - 1 : Skipping Token layerContents On Line 1509
            Warning - 1 : Skipping Token layerContents On Line 1512
            Warning - 1 : Skipping Token layerContents On Line 1515
            Warning - 1 : Skipping Token layerContents On Line 1518
            Warning - 1 : Skipping Token layerContents On Line 1521
            Warning - 1 : Skipping Token layerContents On Line 1524
            Warning - 1 : Skipping Token layerContents On Line 1527
            Warning - 1 : Skipping Token layerContents On Line 1530
            Warning - 1 : Skipping Token layerContents On Line 1533
            Warning - 1 : Skipping Token layerContents On Line 1536
            Warning - 1 : Skipping Token layerContents On Line 1539
            Warning - 1 : Skipping Token layerContents On Line 1542
            Warning - 1 : Skipping Token layerContents On Line 1545
            Warning - 1 : Skipping Token layerContents On Line 1548
            Warning - 1 : Skipping Token layerContents On Line 1551
            Warning - 1 : Skipping Token layerContents On Line 1554
            Warning - 1 : Skipping Token layerContents On Line 1557
            Warning - 1 : Skipping Token layerContents On Line 1560
            Warning - 1 : Skipping Token layerContents On Line 1563
            Warning - 1 : Skipping Token layerContents On Line 1566
            Warning - 1 : Skipping Token layerContents On Line 1569
            Warning - 1 : Skipping Token layerContents On Line 1572
            Warning - 1 : Skipping Token layerContents On Line 1575
            Warning - 1 : Skipping Token layerContents On Line 1578
            Warning - 1 : Skipping Token layerContents On Line 1581
            Warning - 1 : Skipping Token layerContents On Line 1584
            Warning - 1 : Skipping Token layerContents On Line 1587
            Warning - 1 : Skipping Token layerContents On Line 1590
            Warning - 1 : Skipping Token layerContents On Line 1593
            Warning - 1 : Skipping Token layerContents On Line 1596
            Warning - 1 : Skipping Token layerContents On Line 1599
            Warning - 1 : Skipping Token layerContents On Line 1602
            Warning - 1 : Skipping Token layerContents On Line 1605
            Warning - 1 : Skipping Token layerContents On Line 1608
            Warning - 1 : Skipping Token layerContents On Line 1611
            Warning - 1 : Skipping Token layerContents On Line 1614
            Warning - 1 : Skipping Token layerContents On Line 1617
            Warning - 1 : Skipping Token layerContents On Line 1620
            Warning - 1 : Skipping Token layerContents On Line 1623
            Warning - 1 : Skipping Token layerContents On Line 1626
            Warning - 1 : Skipping Token layerContents On Line 1629
            Warning - 1 : Skipping Token layerContents On Line 1632
            Warning - 1 : Skipping Token layerContents On Line 1635
            Warning - 1 : Skipping Token layerContents On Line 1638
            Warning - 1 : Skipping Token layerContents On Line 1641
            Warning - 1 : Skipping Token layerContents On Line 1644
            Warning - 1 : Skipping Token layerContents On Line 1647
            Warning - 1 : Skipping Token layerContents On Line 1650
            Warning - 1 : Skipping Token layerContents On Line 1653
            Warning - 1 : Skipping Token layerContents On Line 1656
            Warning - 1 : Skipping Token layerContents On Line 1659
            Warning - 1 : Skipping Token layerContents On Line 1662
            Warning - 1 : Skipping Token layerContents On Line 1665
            Warning - 1 : Skipping Token layerContents On Line 1668
            Warning - 1 : Skipping Token layerContents On Line 1671
            Warning - 1 : Skipping Token layerContents On Line 1674
            Warning - 1 : Skipping Token layerContents On Line 1677
            Warning - 1 : Skipping Token layerContents On Line 1680
            Warning - 1 : Skipping Token layerContents On Line 1683
            Warning - 1 : Skipping Token layerContents On Line 1686
            Warning - 1 : Skipping Token layerContents On Line 1689
            Warning - 1 : Skipping Token layerContents On Line 1692
            Warning - 1 : Skipping Token layerContents On Line 1695
            Warning - 1 : Skipping Token layerContents On Line 1698
            Warning - 1 : Skipping Token layerContents On Line 1701
            Warning - 1 : Skipping Token layerContents On Line 1704
            Warning - 1 : Skipping Token layerContents On Line 1707
            Warning - 1 : Skipping Token layerContents On Line 1710
            Warning - 1 : Skipping Token layerContents On Line 1713
            Warning - 1 : Skipping Token layerContents On Line 1716
            Warning - 1 : Skipping Token layerContents On Line 1719
            Warning - 1 : Skipping Token layerContents On Line 1722
            Warning - 1 : Skipping Token layerContents On Line 1725
            Warning - 1 : Skipping Token layerContents On Line 1728
            Warning - 1 : Skipping Token layerContents On Line 1731
            Warning - 1 : Skipping Token layerContents On Line 1734
            Warning - 1 : Skipping Token layerContents On Line 1737
            Warning - 1 : Skipping Token layerContents On Line 1740
            Warning - 1 : Skipping Token layerContents On Line 1743
            Warning - 1 : Skipping Token layerContents On Line 1746
            Warning - 1 : Skipping Token layerContents On Line 1749
            Warning - 1 : Skipping Token layerContents On Line 1752
            Warning - 1 : Skipping Token layerContents On Line 1755
            Warning - 1 : Skipping Token layerContents On Line 1758
            Warning - 1 : Skipping Token layerContents On Line 1761
            Warning - 1 : Skipping Token layerContents On Line 1764
            Warning - 1 : Skipping Token layerContents On Line 1767
            Warning - 1 : Skipping Token layerContents On Line 1770
            Warning - 1 : Skipping Token layerContents On Line 1773
            Warning - 1 : Skipping Token layerContents On Line 1776
            Warning - 1 : Skipping Token layerContents On Line 1779
            Warning - 1 : Skipping Token layerContents On Line 1782
            Warning - 1 : Skipping Token layerContents On Line 1785
            Warning - 1 : Skipping Token layerContents On Line 1788
            Warning - 1 : Skipping Token layerContents On Line 1791
            Warning - 1 : Skipping Token layerContents On Line 1794
            Warning - 1 : Skipping Token layerContents On Line 1797
            Warning - 1 : Skipping Token layerContents On Line 1800
            Warning - 1 : Skipping Token layerContents On Line 1803
            Warning - 1 : Skipping Token layerContents On Line 1806
            Warning - 1 : Skipping Token layerContents On Line 1809
            Warning - 1 : Skipping Token layerContents On Line 1812
            Warning - 1 : Skipping Token layerContents On Line 1815
            Warning - 1 : Skipping Token layerContents On Line 1818
            Warning - 1 : Skipping Token layerContents On Line 1821
            Warning - 1 : Skipping Token layerContents On Line 1824
            Warning - 1 : Skipping Token layerContents On Line 1827
            Warning - 1 : Skipping Token layerContents On Line 1830
            Warning - 1 : Skipping Token layerContents On Line 1833
            Warning - 1 : Skipping Token layerContents On Line 1836
            Warning - 1 : Skipping Token layerContents On Line 1839
            Warning - 1 : Skipping Token layerContents On Line 1842
            Warning - 1 : Skipping Token layerContents On Line 1845
            Warning - 1 : Skipping Token layerContents On Line 1848
            Warning - 1 : Skipping Token layerContents On Line 1851
            Warning - 1 : Skipping Token layerContents On Line 1854
            Warning - 1 : Skipping Token layerContents On Line 1857
            Warning - 1 : Skipping Token layerContents On Line 1860
            Warning - 1 : Skipping Token layerContents On Line 1863
            Warning - 1 : Skipping Token layerContents On Line 1866
            Warning - 1 : Skipping Token defaultPinDes On Line 1878
            Warning - 1 : Skipping Token defaultPinDes On Line 1886
            Warning - 1 : Skipping Token defaultPinDes On Line 1894
            Warning - 1 : Skipping Token defaultPinDes On Line 1902
            Warning - 1 : Skipping Token defaultPinDes On Line 1910
            Warning - 1 : Skipping Token defaultPinDes On Line 1918
            Warning - 1 : Skipping Token defaultPinDes On Line 1926
            Warning - 1 : Skipping Token defaultPinDes On Line 1934
            Warning - 1 : Skipping Token defaultPinDes On Line 1942
            Warning - 1 : Skipping Token defaultPinDes On Line 1950
            Warning - 1 : Skipping Token defaultPinDes On Line 1958
            Warning - 1 : Skipping Token defaultPinDes On Line 1966
        EndSection
    EndSection
EndSection
