Importer Log Report
Project : 17- 0010 ESP32-S3 Control IO.PrjPcb

Section : Import Document - G:\My Drive\PCBs\SAGE\17- 0010 ESP32-S3 Control IO\import\PCA9633TK.lia
    Section : PCB Library - PCA9633TK.PcbLib
        Section : Load Messages
            Warning - 1 : Skipping Token poly On Line 361
            Warning - 1 : Skipping Token poly On Line 395
            Warning - 1 : Skipping Token poly On Line 682
            Warning - 1 : Skipping Token poly On Line 716
            Warning - 1 : Skipping Token poly On Line 1000
            Warning - 1 : Skipping Token poly On Line 1034
            Warning - 1 : Skipping Token SOT908-1 On Line 1282
            Warning - 1 : Skipping Token attachedSymbol On Line 1383
        EndSection
    EndSection

    Section : SCH Library - PCA9633TK.SchLib
        Section : Parsing Messages
            Warning - 1 : Skipping Token padStyleDef On Line 10
            Warning - 1 : Skipping Token padStyleDef On Line 20
            Warning - 1 : Skipping Token padStyleDef On Line 30
            Warning - 1 : Skipping Token padStyleDef On Line 40
            Warning - 1 : Skipping Token multiLayer On Line 330
            Warning - 1 : Skipping Token layerContents On Line 342
            Warning - 1 : Skipping Token layerContents On Line 345
            Warning - 1 : Skipping Token layerContents On Line 348
            Warning - 1 : Skipping Token layerContents On Line 351
            Warning - 1 : Skipping Token layerContents On Line 354
            Warning - 1 : Skipping Token layerContents On Line 357
            Warning - 1 : Skipping Token layerContents On Line 360
            Warning - 1 : Skipping Token layerContents On Line 376
            Warning - 1 : Skipping Token layerContents On Line 379
            Warning - 1 : Skipping Token layerContents On Line 382
            Warning - 1 : Skipping Token layerContents On Line 385
            Warning - 1 : Skipping Token layerContents On Line 388
            Warning - 1 : Skipping Token layerContents On Line 391
            Warning - 1 : Skipping Token layerContents On Line 394
            Warning - 1 : Skipping Token layerContents On Line 402
            Warning - 1 : Skipping Token layerContents On Line 405
            Warning - 1 : Skipping Token layerContents On Line 408
            Warning - 1 : Skipping Token layerContents On Line 411
            Warning - 1 : Skipping Token layerContents On Line 414
            Warning - 1 : Skipping Token layerContents On Line 417
            Warning - 1 : Skipping Token layerContents On Line 420
            Warning - 1 : Skipping Token layerContents On Line 423
            Warning - 1 : Skipping Token layerContents On Line 426
            Warning - 1 : Skipping Token layerContents On Line 429
            Warning - 1 : Skipping Token layerContents On Line 432
            Warning - 1 : Skipping Token layerContents On Line 435
            Warning - 1 : Skipping Token layerContents On Line 438
            Warning - 1 : Skipping Token layerContents On Line 441
            Warning - 1 : Skipping Token layerContents On Line 444
            Warning - 1 : Skipping Token layerContents On Line 447
            Warning - 1 : Skipping Token layerContents On Line 450
            Warning - 1 : Skipping Token layerContents On Line 453
            Warning - 1 : Skipping Token layerContents On Line 456
            Warning - 1 : Skipping Token layerContents On Line 459
            Warning - 1 : Skipping Token layerContents On Line 462
            Warning - 1 : Skipping Token layerContents On Line 465
            Warning - 1 : Skipping Token layerContents On Line 468
            Warning - 1 : Skipping Token layerContents On Line 471
            Warning - 1 : Skipping Token layerContents On Line 474
            Warning - 1 : Skipping Token layerContents On Line 477
            Warning - 1 : Skipping Token layerContents On Line 480
            Warning - 1 : Skipping Token layerContents On Line 483
            Warning - 1 : Skipping Token layerContents On Line 486
            Warning - 1 : Skipping Token layerContents On Line 489
            Warning - 1 : Skipping Token layerContents On Line 492
            Warning - 1 : Skipping Token layerContents On Line 495
            Warning - 1 : Skipping Token layerContents On Line 498
            Warning - 1 : Skipping Token layerContents On Line 501
            Warning - 1 : Skipping Token layerContents On Line 504
            Warning - 1 : Skipping Token layerContents On Line 507
            Warning - 1 : Skipping Token layerContents On Line 510
            Warning - 1 : Skipping Token layerContents On Line 513
            Warning - 1 : Skipping Token layerContents On Line 516
            Warning - 1 : Skipping Token layerContents On Line 519
            Warning - 1 : Skipping Token layerContents On Line 522
            Warning - 1 : Skipping Token layerContents On Line 525
            Warning - 1 : Skipping Token layerContents On Line 528
            Warning - 1 : Skipping Token layerContents On Line 531
            Warning - 1 : Skipping Token layerContents On Line 534
            Warning - 1 : Skipping Token layerContents On Line 537
            Warning - 1 : Skipping Token layerContents On Line 540
            Warning - 1 : Skipping Token layerContents On Line 543
            Warning - 1 : Skipping Token layerContents On Line 546
            Warning - 1 : Skipping Token layerContents On Line 549
            Warning - 1 : Skipping Token layerContents On Line 552
            Warning - 1 : Skipping Token layerContents On Line 555
            Warning - 1 : Skipping Token layerContents On Line 558
            Warning - 1 : Skipping Token layerContents On Line 561
            Warning - 1 : Skipping Token layerContents On Line 564
            Warning - 1 : Skipping Token layerContents On Line 567
            Warning - 1 : Skipping Token layerContents On Line 570
            Warning - 1 : Skipping Token layerContents On Line 573
            Warning - 1 : Skipping Token layerContents On Line 576
            Warning - 1 : Skipping Token layerContents On Line 579
            Warning - 1 : Skipping Token layerContents On Line 582
            Warning - 1 : Skipping Token layerContents On Line 585
            Warning - 1 : Skipping Token layerContents On Line 588
            Warning - 1 : Skipping Token layerContents On Line 591
            Warning - 1 : Skipping Token layerContents On Line 594
            Warning - 1 : Skipping Token layerContents On Line 597
            Warning - 1 : Skipping Token layerContents On Line 600
            Warning - 1 : Skipping Token layerContents On Line 603
            Warning - 1 : Skipping Token layerContents On Line 606
            Warning - 1 : Skipping Token layerContents On Line 609
            Warning - 1 : Skipping Token layerContents On Line 612
            Warning - 1 : Skipping Token layerContents On Line 615
            Warning - 1 : Skipping Token layerContents On Line 618
            Warning - 1 : Skipping Token layerContents On Line 621
            Warning - 1 : Skipping Token layerContents On Line 624
            Warning - 1 : Skipping Token layerContents On Line 627
            Warning - 1 : Skipping Token layerContents On Line 630
            Warning - 1 : Skipping Token layerContents On Line 633
            Warning - 1 : Skipping Token layerContents On Line 636
            Warning - 1 : Skipping Token layerContents On Line 639
            Warning - 1 : Skipping Token layerContents On Line 642
            Warning - 1 : Skipping Token multiLayer On Line 651
            Warning - 1 : Skipping Token layerContents On Line 663
            Warning - 1 : Skipping Token layerContents On Line 666
            Warning - 1 : Skipping Token layerContents On Line 669
            Warning - 1 : Skipping Token layerContents On Line 672
            Warning - 1 : Skipping Token layerContents On Line 675
            Warning - 1 : Skipping Token layerContents On Line 678
            Warning - 1 : Skipping Token layerContents On Line 681
            Warning - 1 : Skipping Token layerContents On Line 697
            Warning - 1 : Skipping Token layerContents On Line 700
            Warning - 1 : Skipping Token layerContents On Line 703
            Warning - 1 : Skipping Token layerContents On Line 706
            Warning - 1 : Skipping Token layerContents On Line 709
            Warning - 1 : Skipping Token layerContents On Line 712
            Warning - 1 : Skipping Token layerContents On Line 715
            Warning - 1 : Skipping Token layerContents On Line 723
            Warning - 1 : Skipping Token layerContents On Line 726
            Warning - 1 : Skipping Token layerContents On Line 729
            Warning - 1 : Skipping Token layerContents On Line 732
            Warning - 1 : Skipping Token layerContents On Line 735
            Warning - 1 : Skipping Token layerContents On Line 738
            Warning - 1 : Skipping Token layerContents On Line 741
            Warning - 1 : Skipping Token layerContents On Line 744
            Warning - 1 : Skipping Token layerContents On Line 747
            Warning - 1 : Skipping Token layerContents On Line 750
            Warning - 1 : Skipping Token layerContents On Line 753
            Warning - 1 : Skipping Token layerContents On Line 756
            Warning - 1 : Skipping Token layerContents On Line 759
            Warning - 1 : Skipping Token layerContents On Line 762
            Warning - 1 : Skipping Token layerContents On Line 765
            Warning - 1 : Skipping Token layerContents On Line 768
            Warning - 1 : Skipping Token layerContents On Line 771
            Warning - 1 : Skipping Token layerContents On Line 774
            Warning - 1 : Skipping Token layerContents On Line 777
            Warning - 1 : Skipping Token layerContents On Line 780
            Warning - 1 : Skipping Token layerContents On Line 783
            Warning - 1 : Skipping Token layerContents On Line 786
            Warning - 1 : Skipping Token layerContents On Line 789
            Warning - 1 : Skipping Token layerContents On Line 792
            Warning - 1 : Skipping Token layerContents On Line 795
            Warning - 1 : Skipping Token layerContents On Line 798
            Warning - 1 : Skipping Token layerContents On Line 801
            Warning - 1 : Skipping Token layerContents On Line 804
            Warning - 1 : Skipping Token layerContents On Line 807
            Warning - 1 : Skipping Token layerContents On Line 810
            Warning - 1 : Skipping Token layerContents On Line 813
            Warning - 1 : Skipping Token layerContents On Line 816
            Warning - 1 : Skipping Token layerContents On Line 819
            Warning - 1 : Skipping Token layerContents On Line 822
            Warning - 1 : Skipping Token layerContents On Line 825
            Warning - 1 : Skipping Token layerContents On Line 828
            Warning - 1 : Skipping Token layerContents On Line 831
            Warning - 1 : Skipping Token layerContents On Line 834
            Warning - 1 : Skipping Token layerContents On Line 837
            Warning - 1 : Skipping Token layerContents On Line 840
            Warning - 1 : Skipping Token layerContents On Line 843
            Warning - 1 : Skipping Token layerContents On Line 846
            Warning - 1 : Skipping Token layerContents On Line 849
            Warning - 1 : Skipping Token layerContents On Line 852
            Warning - 1 : Skipping Token layerContents On Line 855
            Warning - 1 : Skipping Token layerContents On Line 858
            Warning - 1 : Skipping Token layerContents On Line 861
            Warning - 1 : Skipping Token layerContents On Line 864
            Warning - 1 : Skipping Token layerContents On Line 867
            Warning - 1 : Skipping Token layerContents On Line 870
            Warning - 1 : Skipping Token layerContents On Line 873
            Warning - 1 : Skipping Token layerContents On Line 876
            Warning - 1 : Skipping Token layerContents On Line 879
            Warning - 1 : Skipping Token layerContents On Line 882
            Warning - 1 : Skipping Token layerContents On Line 885
            Warning - 1 : Skipping Token layerContents On Line 888
            Warning - 1 : Skipping Token layerContents On Line 891
            Warning - 1 : Skipping Token layerContents On Line 894
            Warning - 1 : Skipping Token layerContents On Line 897
            Warning - 1 : Skipping Token layerContents On Line 900
            Warning - 1 : Skipping Token layerContents On Line 903
            Warning - 1 : Skipping Token layerContents On Line 906
            Warning - 1 : Skipping Token layerContents On Line 909
            Warning - 1 : Skipping Token layerContents On Line 912
            Warning - 1 : Skipping Token layerContents On Line 915
            Warning - 1 : Skipping Token layerContents On Line 918
            Warning - 1 : Skipping Token layerContents On Line 921
            Warning - 1 : Skipping Token layerContents On Line 924
            Warning - 1 : Skipping Token layerContents On Line 927
            Warning - 1 : Skipping Token layerContents On Line 930
            Warning - 1 : Skipping Token layerContents On Line 933
            Warning - 1 : Skipping Token layerContents On Line 936
            Warning - 1 : Skipping Token layerContents On Line 939
            Warning - 1 : Skipping Token layerContents On Line 942
            Warning - 1 : Skipping Token layerContents On Line 945
            Warning - 1 : Skipping Token layerContents On Line 948
            Warning - 1 : Skipping Token layerContents On Line 951
            Warning - 1 : Skipping Token layerContents On Line 954
            Warning - 1 : Skipping Token layerContents On Line 957
            Warning - 1 : Skipping Token layerContents On Line 960
            Warning - 1 : Skipping Token multiLayer On Line 969
            Warning - 1 : Skipping Token layerContents On Line 981
            Warning - 1 : Skipping Token layerContents On Line 984
            Warning - 1 : Skipping Token layerContents On Line 987
            Warning - 1 : Skipping Token layerContents On Line 990
            Warning - 1 : Skipping Token layerContents On Line 993
            Warning - 1 : Skipping Token layerContents On Line 996
            Warning - 1 : Skipping Token layerContents On Line 999
            Warning - 1 : Skipping Token layerContents On Line 1015
            Warning - 1 : Skipping Token layerContents On Line 1018
            Warning - 1 : Skipping Token layerContents On Line 1021
            Warning - 1 : Skipping Token layerContents On Line 1024
            Warning - 1 : Skipping Token layerContents On Line 1027
            Warning - 1 : Skipping Token layerContents On Line 1030
            Warning - 1 : Skipping Token layerContents On Line 1033
            Warning - 1 : Skipping Token layerContents On Line 1041
            Warning - 1 : Skipping Token layerContents On Line 1044
            Warning - 1 : Skipping Token layerContents On Line 1047
            Warning - 1 : Skipping Token layerContents On Line 1050
            Warning - 1 : Skipping Token layerContents On Line 1053
            Warning - 1 : Skipping Token layerContents On Line 1056
            Warning - 1 : Skipping Token layerContents On Line 1059
            Warning - 1 : Skipping Token layerContents On Line 1062
            Warning - 1 : Skipping Token layerContents On Line 1065
            Warning - 1 : Skipping Token layerContents On Line 1068
            Warning - 1 : Skipping Token layerContents On Line 1071
            Warning - 1 : Skipping Token layerContents On Line 1074
            Warning - 1 : Skipping Token layerContents On Line 1077
            Warning - 1 : Skipping Token layerContents On Line 1080
            Warning - 1 : Skipping Token layerContents On Line 1083
            Warning - 1 : Skipping Token layerContents On Line 1086
            Warning - 1 : Skipping Token layerContents On Line 1089
            Warning - 1 : Skipping Token layerContents On Line 1092
            Warning - 1 : Skipping Token layerContents On Line 1095
            Warning - 1 : Skipping Token layerContents On Line 1098
            Warning - 1 : Skipping Token layerContents On Line 1101
            Warning - 1 : Skipping Token layerContents On Line 1104
            Warning - 1 : Skipping Token layerContents On Line 1107
            Warning - 1 : Skipping Token layerContents On Line 1110
            Warning - 1 : Skipping Token layerContents On Line 1113
            Warning - 1 : Skipping Token layerContents On Line 1116
            Warning - 1 : Skipping Token layerContents On Line 1119
            Warning - 1 : Skipping Token layerContents On Line 1122
            Warning - 1 : Skipping Token layerContents On Line 1125
            Warning - 1 : Skipping Token layerContents On Line 1128
            Warning - 1 : Skipping Token layerContents On Line 1131
            Warning - 1 : Skipping Token layerContents On Line 1134
            Warning - 1 : Skipping Token layerContents On Line 1137
            Warning - 1 : Skipping Token layerContents On Line 1140
            Warning - 1 : Skipping Token layerContents On Line 1143
            Warning - 1 : Skipping Token layerContents On Line 1146
            Warning - 1 : Skipping Token layerContents On Line 1149
            Warning - 1 : Skipping Token layerContents On Line 1152
            Warning - 1 : Skipping Token layerContents On Line 1155
            Warning - 1 : Skipping Token layerContents On Line 1158
            Warning - 1 : Skipping Token layerContents On Line 1161
            Warning - 1 : Skipping Token layerContents On Line 1164
            Warning - 1 : Skipping Token layerContents On Line 1167
            Warning - 1 : Skipping Token layerContents On Line 1170
            Warning - 1 : Skipping Token layerContents On Line 1173
            Warning - 1 : Skipping Token layerContents On Line 1176
            Warning - 1 : Skipping Token layerContents On Line 1179
            Warning - 1 : Skipping Token layerContents On Line 1182
            Warning - 1 : Skipping Token layerContents On Line 1185
            Warning - 1 : Skipping Token layerContents On Line 1188
            Warning - 1 : Skipping Token layerContents On Line 1191
            Warning - 1 : Skipping Token layerContents On Line 1194
            Warning - 1 : Skipping Token layerContents On Line 1197
            Warning - 1 : Skipping Token layerContents On Line 1200
            Warning - 1 : Skipping Token layerContents On Line 1203
            Warning - 1 : Skipping Token layerContents On Line 1206
            Warning - 1 : Skipping Token layerContents On Line 1209
            Warning - 1 : Skipping Token layerContents On Line 1212
            Warning - 1 : Skipping Token layerContents On Line 1215
            Warning - 1 : Skipping Token layerContents On Line 1218
            Warning - 1 : Skipping Token layerContents On Line 1221
            Warning - 1 : Skipping Token layerContents On Line 1224
            Warning - 1 : Skipping Token layerContents On Line 1227
            Warning - 1 : Skipping Token layerContents On Line 1230
            Warning - 1 : Skipping Token layerContents On Line 1233
            Warning - 1 : Skipping Token layerContents On Line 1236
            Warning - 1 : Skipping Token layerContents On Line 1239
            Warning - 1 : Skipping Token layerContents On Line 1242
            Warning - 1 : Skipping Token layerContents On Line 1245
            Warning - 1 : Skipping Token layerContents On Line 1248
            Warning - 1 : Skipping Token layerContents On Line 1251
            Warning - 1 : Skipping Token layerContents On Line 1254
            Warning - 1 : Skipping Token layerContents On Line 1257
            Warning - 1 : Skipping Token layerContents On Line 1260
            Warning - 1 : Skipping Token layerContents On Line 1263
            Warning - 1 : Skipping Token layerContents On Line 1266
            Warning - 1 : Skipping Token layerContents On Line 1269
            Warning - 1 : Skipping Token layerContents On Line 1272
            Warning - 1 : Skipping Token layerContents On Line 1275
            Warning - 1 : Skipping Token layerContents On Line 1278
            Warning - 1 : Skipping Token defaultPinDes On Line 1290
            Warning - 1 : Skipping Token defaultPinDes On Line 1298
            Warning - 1 : Skipping Token defaultPinDes On Line 1306
            Warning - 1 : Skipping Token defaultPinDes On Line 1314
            Warning - 1 : Skipping Token defaultPinDes On Line 1322
            Warning - 1 : Skipping Token defaultPinDes On Line 1330
            Warning - 1 : Skipping Token defaultPinDes On Line 1338
            Warning - 1 : Skipping Token defaultPinDes On Line 1346
            Warning - 1 : Skipping Token defaultPinDes On Line 1354
        EndSection
    EndSection
EndSection
