Added Component: Designator=J3(4P vert)
Added Pin To Net: NetName=+5VDC Pin=J?-01
Added Net: Name=+5VDC
Added Pin To Net: NetName=GND Pin=J3-1
Added Pin To Net: NetName=GND Pin=J?-02
Added Pin To Net: NetName=GND Pin=J?-03
Added Pin To Net: NetName=GND Pin=J?-04
Added Pin To Net: NetName=GND Pin=J?-05
Added Pin To Net: NetName=GND Pin=J?-06
Added Pin To Net: NetName=GND Pin=J?-07
Added Pin To Net: NetName=GND Pin=J?-08
Added Pin To Net: NetName=GND Pin=J?-11
Added Pin To Net: NetName=GND Pin=J?-12
Added Pin To Net: NetName=GND Pin=J?-13
Added Pin To Net: NetName=GND Pin=J?-14
Added Pin To Net: NetName=GND Pin=J?-15
Added Pin To Net: NetName=GND Pin=J?-16
Added Pin To Net: NetName=GND Pin=J?-17
Added Pin To Net: NetName=GND Pin=J?-18
Added Pin To Net: NetName=GND Pin=J?-19
Added Pin To Net: NetName=GND Pin=J?-20
Added Pin To Net: NetName=GND Pin=J?-21
Added Pin To Net: NetName=GND Pin=J?-22
Added Pin To Net: NetName=GND Pin=J?-23
Added Pin To Net: NetName=GND Pin=J?-24
Added Pin To Net: NetName=GND Pin=J?-25
Added Pin To Net: NetName=GND Pin=J?-26
Added Net: Name=GND
Added Pin To Net: NetName=SCL Pin=J3-4
Added Pin To Net: NetName=SCL Pin=J?-09
Added Net: Name=SCL
Added Pin To Net: NetName=SDA Pin=J3-3
Added Pin To Net: NetName=SDA Pin=J?-10
Added Net: Name=SDA
Added Member To Class: ClassName=Sheet2 Member=Component J3 Qwiic
